#
# A fatal error has been detected by the Java Runtime Environment:
#
#  SIGSEGV (0xb) at pc=0x00007f07c50b3401, pid=4928, tid=5008
#
# JRE version: OpenJDK Runtime Environment (11.0.8+10) (build 11.0.8+10-post-Ubuntu-0ubuntu118.04.1)
# Java VM: OpenJDK 64-Bit Server VM (11.0.8+10-post-Ubuntu-0ubuntu118.04.1, mixed mode, sharing, tiered, compressed oops, serial gc, linux-amd64)
# Problematic frame:
# C  [libjimage.so+0x2401]
#
# Core dump will be written. Default location: Core dumps may be processed with "/usr/share/apport/apport %p %s %c %d %P %E" (or dumping to /home/runner/summative-2-daniel/core.4928)
#
# If you would like to submit a bug report, please visit:
#   https://bugs.launchpad.net/ubuntu/+source/openjdk-lts
#

---------------  S U M M A R Y ------------

Command Line: Sketch

Host: Intel(R) Xeon(R) CPU @ 2.30GHz, 4 cores, 512M, Ubuntu 18.04.5 LTS
Time: Tue Nov 10 16:57:31 2020 UTC elapsed time: 92 seconds (0d 0h 1m 32s)

---------------  T H R E A D  ---------------

Current thread (0x00007f076801a000):  JavaThread "XToolkt-Shutdown-Thread" [_thread_in_vm, id=5008, stack(0x00007f07bfeff000,0x00007f07c0000000)]

Stack: [0x00007f07bfeff000,0x00007f07c0000000],  sp=0x00007f07bfffd060,  free space=1016k
Native frames: (J=compiled Java code, A=aot compiled Java code, j=interpreted, Vv=VM code, C=native code)
C  [libjimage.so+0x2401]
C  [libjimage.so+0x30ea]
C  [libjimage.so+0x35c6]  JIMAGE_FindResource+0xd6
V  [libjvm.so+0x59097e]
V  [libjvm.so+0x5936e0]
V  [libjvm.so+0xd50b85]
V  [libjvm.so+0xd4e51a]
V  [libjvm.so+0xd51112]
V  [libjvm.so+0x647127]
V  [libjvm.so+0xa3c57a]
V  [libjvm.so+0x844136]
V  [libjvm.so+0x84502d]
j  sun.awt.X11.XToolkit.lambda$init$0()V+0 java.desktop@11.0.8
j  sun.awt.X11.XToolkit$$Lambda$11.run()V+4 java.desktop@11.0.8
j  java.lang.Thread.run()V+11 java.base@11.0.8
v  ~StubRoutines::call_stub
V  [libjvm.so+0x84eb09]
V  [libjvm.so+0x84cc4d]
V  [libjvm.so+0x8f6c9c]
V  [libjvm.so+0xd8996f]
V  [libjvm.so+0xd860bf]
V  [libjvm.so+0xbd632e]

Java frames: (J=compiled Java code, j=interpreted, Vv=VM code)
j  sun.awt.X11.XToolkit.lambda$init$0()V+0 java.desktop@11.0.8
j  sun.awt.X11.XToolkit$$Lambda$11.run()V+4 java.desktop@11.0.8
j  java.lang.Thread.run()V+11 java.base@11.0.8
v  ~StubRoutines::call_stub

siginfo: si_signo: 11 (SIGSEGV), si_code: 1 (SEGV_MAPERR), si_addr: 0x00007f07b7904ca8

Register to memory mapping:

RAX=0x0000000000000b23 is an unknown value
RBX=0x00007f07bfffd111 is pointing into the stack for thread: 0x00007f076801a000
RCX=0x00007f07b790201c is an unknown value
RDX=0x0000000000000b23 is an unknown value
RSP=0x00007f07bfffd060 is pointing into the stack for thread: 0x00007f076801a000
RBP=0x00007f07bfffd080 is pointing into the stack for thread: 0x00007f076801a000
RSI=0x00007f07bfffd110 is pointing into the stack for thread: 0x00007f076801a000
RDI=0x00007f07c52b6030: <offset 0x0000000000205030> in /usr/lib/jvm/java-11-openjdk-amd64/lib/libjimage.so at 0x00007f07c50b1000
R8 =0x0 is NULL
R9 =0x00000000ca0d71f0 is an unknown value
R10=0x00007f07bfffd134 is pointing into the stack for thread: 0x00007f076801a000
R11=0x00007f07c70ec07d: <offset 0x0000000000eb307d> in /usr/lib/jvm/java-11-openjdk-amd64/lib/server/libjvm.so at 0x00007f07c6239000
R12=0x00007f07bfffd110 is pointing into the stack for thread: 0x00007f076801a000
R13=0x00000000000083bc is an unknown value
R14=0x00007f07bfffe1a8 is pointing into the stack for thread: 0x00007f076801a000
R15=0x00007f078c0a5a00 points into unknown readable memory: 73 75 6e 2f 61 77 74 2f


Registers:
RAX=0x0000000000000b23, RBX=0x00007f07bfffd111, RCX=0x00007f07b790201c, RDX=0x0000000000000b23
RSP=0x00007f07bfffd060, RBP=0x00007f07bfffd080, RSI=0x00007f07bfffd110, RDI=0x00007f07c52b6030
R8 =0x0000000000000000, R9 =0x00000000ca0d71f0, R10=0x00007f07bfffd134, R11=0x00007f07c70ec07d
R12=0x00007f07bfffd110, R13=0x00000000000083bc, R14=0x00007f07bfffe1a8, R15=0x00007f078c0a5a00
RIP=0x00007f07c50b3401, EFLAGS=0x0000000000010246, CSGSFS=0x002b000000000033, ERR=0x0000000000000004
  TRAPNO=0x000000000000000e

Top of Stack: (sp=0x00007f07bfffd060)
0x00007f07bfffd060:   0000000000000000 00007f07c0009600
0x00007f07bfffd070:   0000000000000000 00007f07bfffd110
0x00007f07bfffd080:   00007f07bfffd0f0 00007f07c50b40ea
0x00007f07bfffd090:   0000000000000000 0000000000000000 

Instructions: (pc=0x00007f07c50b3401)
0x00007f07c50b3301:   c5 4c 01 e3 48 89 ce e8 d3 f3 ff ff e9 69 fd ff
0x00007f07c50b3311:   ff 89 d1 0f b7 74 08 fe 66 41 89 74 0e fe e9 7a
0x00007f07c50b3321:   fe ff ff 0f 1f 40 00 8b 08 49 8d 1c 16 41 89 0e
0x00007f07c50b3331:   89 d1 8b 74 08 fc 41 89 74 0e fc 48 8d 34 10 48
0x00007f07c50b3341:   89 75 b8 e9 0b fe ff ff 0f 1f 80 00 00 00 00 0f
0x00007f07c50b3351:   b6 17 55 89 f0 48 89 e5 84 d2 74 22 48 8d 4f 01
0x00007f07c50b3361:   0f 1f 80 00 00 00 00 48 83 c1 01 0f b6 f2 0f b6
0x00007f07c50b3371:   51 ff 69 c0 93 01 00 01 31 f0 84 d2 75 e9 25 ff
0x00007f07c50b3381:   ff ff 7f 5d c3 66 2e 0f 1f 84 00 00 00 00 00 48
0x00007f07c50b3391:   85 d2 0f 84 dd 00 00 00 85 c9 0f 84 d5 00 00 00
0x00007f07c50b33a1:   55 48 89 e5 41 55 41 54 53 48 8d 5e 01 48 83 ec
0x00007f07c50b33b1:   08 44 0f b6 06 45 84 c0 0f 84 a9 00 00 00 49 89
0x00007f07c50b33c1:   da b8 93 01 00 01 66 0f 1f 84 00 00 00 00 00 49
0x00007f07c50b33d1:   83 c2 01 44 69 c8 93 01 00 01 41 0f b6 c0 45 0f
0x00007f07c50b33e1:   b6 42 ff 44 31 c8 45 84 c0 75 e4 25 ff ff ff 7f
0x00007f07c50b33f1:   41 89 cd 48 89 d1 31 d2 41 f7 f5 49 89 f4 89 d0
0x00007f07c50b3401:   8b 34 81 48 8b 07 ff 50 20 83 f8 00 7e 41 41 0f
0x00007f07c50b3411:   b6 14 24 84 d2 74 1c 0f 1f 84 00 00 00 00 00 69
0x00007f07c50b3421:   c0 93 01 00 01 48 83 c3 01 31 d0 0f b6 53 ff 84
0x00007f07c50b3431:   d2 75 ec 25 ff ff ff 7f 31 d2 41 f7 f5 48 83 c4
0x00007f07c50b3441:   08 89 d0 5b 41 5c 41 5d 5d c3 0f 1f 44 00 00 74
0x00007f07c50b3451:   1d f7 d0 48 83 c4 08 89 c2 5b 89 d0 41 5c 41 5d
0x00007f07c50b3461:   5d c3 0f 1f 44 00 00 b8 93 01 00 01 eb 82 ba ff
0x00007f07c50b3471:   ff ff ff eb c8 83 ca ff 89 d0 c3 0f 1f 40 00 0f
0x00007f07c50b3481:   b6 17 55 48 89 f8 48 89 e5 84 d2 75 15 eb 1a 38
0x00007f07c50b3491:   ca 75 1c 48 83 c0 01 0f b6 10 48 83 c6 01 84 d2
0x00007f07c50b34a1:   74 07 0f b6 0e 84 c9 75 e6 5d c3 0f 1f 40 00 31
0x00007f07c50b34b1:   c0 5d c3 66 90 66 2e 0f 1f 84 00 00 00 00 00 55
0x00007f07c50b34c1:   48 85 f6 48 89 e5 74 57 0f 1f 80 00 00 00 00 0f
0x00007f07c50b34d1:   b6 06 84 c0 74 49 0f b6 d0 83 e0 07 c1 fa 03 44
0x00007f07c50b34e1:   8d 50 01 0f b6 c0 41 89 d1 48 8d 56 01 4c 8d 44
0x00007f07c50b34f1:   06 02 31 c0 0f 1f 00 0f b6 0a 48 c1 e0 08 48 83 


Stack slot to memory mapping:
stack at sp + 0 slots: 0x0 is NULL
stack at sp + 1 slots: 0x00007f07c0009600 points into unknown readable memory: 50 0f 00 64 07 7f 00 00
stack at sp + 2 slots: 0x0 is NULL
stack at sp + 3 slots: 0x00007f07bfffd110 is pointing into the stack for thread: 0x00007f076801a000
stack at sp + 4 slots: 0x00007f07bfffd0f0 is pointing into the stack for thread: 0x00007f076801a000
stack at sp + 5 slots: 0x00007f07c50b40ea: <offset 0x00000000000030ea> in /usr/lib/jvm/java-11-openjdk-amd64/lib/libjimage.so at 0x00007f07c50b1000
stack at sp + 6 slots: 0x0 is NULL
stack at sp + 7 slots: 0x0 is NULL


---------------  P R O C E S S  ---------------

Threads class SMR info:
_java_thread_list=0x00007f076801b5e0, length=17, elements={
0x00007f07c0051000, 0x00007f07c0053000, 0x00007f07c0059000, 0x00007f07c005b800,
0x00007f07c005d800, 0x00007f07c005f800, 0x00007f07c009a000, 0x00007f07c00a4000,
0x00007f07c0224800, 0x00007f07c0226800, 0x00007f07c02b9800, 0x00007f07c02bb800,
0x00007f07c02be000, 0x00007f07c0016000, 0x00007f0794001000, 0x00007f0794002800,
0x00007f076801a000
}

Java Threads: ( => current thread )
  0x00007f07c0051000 JavaThread "Reference Handler" daemon [_thread_blocked, id=4931, stack(0x00007f07c41b2000,0x00007f07c42b3000)]
  0x00007f07c0053000 JavaThread "Finalizer" daemon [_thread_blocked, id=4932, stack(0x00007f07c40b1000,0x00007f07c41b2000)]
  0x00007f07c0059000 JavaThread "Signal Dispatcher" daemon [_thread_blocked, id=4933, stack(0x00007f07a8001000,0x00007f07a8102000)]
  0x00007f07c005b800 JavaThread "C2 CompilerThread0" daemon [_thread_blocked, id=4934, stack(0x00007f079bd64000,0x00007f079be65000)]
  0x00007f07c005d800 JavaThread "C1 CompilerThread0" daemon [_thread_blocked, id=4935, stack(0x00007f079bc63000,0x00007f079bd64000)]
  0x00007f07c005f800 JavaThread "Sweeper thread" daemon [_thread_blocked, id=4936, stack(0x00007f079bb62000,0x00007f079bc63000)]
  0x00007f07c009a000 JavaThread "Service Thread" daemon [_thread_blocked, id=4937, stack(0x00007f079ba61000,0x00007f079bb62000)]
  0x00007f07c00a4000 JavaThread "Common-Cleaner" daemon [_thread_blocked, id=4939, stack(0x00007f079b85e000,0x00007f079b95f000)]
  0x00007f07c0224800 JavaThread "Java2D Disposer" daemon [_thread_blocked, id=4990, stack(0x00007f07980d6000,0x00007f07981d7000)]
  0x00007f07c0226800 JavaThread "AWT-XAWT" daemon [_thread_in_native, id=4991, stack(0x00007f0779dbe000,0x00007f0779ebf000)]
  0x00007f07c02b9800 JavaThread "AWT-Shutdown" [_thread_blocked, id=4994, stack(0x00007f0779abb000,0x00007f0779bbc000)]
  0x00007f07c02bb800 JavaThread "AWT-EventQueue-0" [_thread_blocked, id=4995, stack(0x00007f07799ba000,0x00007f0779abb000)]
  0x00007f07c02be000 JavaThread "Animation Thread" [_thread_blocked, id=4996, stack(0x00007f07798b9000,0x00007f07799ba000)]
  0x00007f07c0016000 JavaThread "DestroyJavaVM" [_thread_blocked, id=4929, stack(0x00007f07c83a6000,0x00007f07c84a7000)]
  0x00007f0794001000 JavaThread "SIGTERM handler" daemon [_thread_blocked, id=5006, stack(0x00007f0779bbc000,0x00007f0779cbd000)]
  0x00007f0794002800 JavaThread "SIGHUP handler" daemon [_thread_blocked, id=5007, stack(0x00007f0779cbd000,0x00007f0779dbe000)]
=>0x00007f076801a000 JavaThread "XToolkt-Shutdown-Thread" [_thread_in_vm, id=5008, stack(0x00007f07bfeff000,0x00007f07c0000000)]

Other Threads:
  0x00007f07c004e000 VMThread "VM Thread" [stack: 0x00007f07c42b5000,0x00007f07c43b5000] [id=4930]
  0x00007f07c009c800 WatcherThread [stack: 0x00007f079b961000,0x00007f079ba61000] [id=4938]

Threads with active compile tasks:

VM state:not at safepoint (normal execution)

VM Mutex/Monitor currently owned by a thread: None

Heap address: 0x00000000f8000000, size: 128 MB, Compressed Oops mode: 32-bit
Narrow klass base: 0x0000000800000000, Narrow klass shift: 3
Compressed class space size: 1073741824 Address: 0x0000000840000000

Heap:
 def new generation   total 2432K, used 1863K [0x00000000f8000000, 0x00000000f82a0000, 0x00000000faaa0000)
  eden space 2176K,  84% used [0x00000000f8000000, 0x00000000f81cbbd0, 0x00000000f8220000)
  from space 256K,   9% used [0x00000000f8260000, 0x00000000f82661c0, 0x00000000f82a0000)
  to   space 256K,   0% used [0x00000000f8220000, 0x00000000f8220000, 0x00000000f8260000)
 tenured generation   total 5504K, used 5092K [0x00000000faaa0000, 0x00000000fb000000, 0x0000000100000000)
   the space 5504K,  92% used [0x00000000faaa0000, 0x00000000faf992c8, 0x00000000faf99400, 0x00000000fb000000)
 Metaspace       used 8979K, capacity 9355K, committed 9600K, reserved 1058816K
  class space    used 902K, capacity 1092K, committed 1152K, reserved 1048576K

Card table byte_map: [0x00007f07c8365000,0x00007f07c83a6000] _byte_map_base: 0x00007f07c7ba5000

Polling page: 0x00007f07c84c3000

Metaspace:

Usage:
  Non-class:      8.07 MB capacity,     7.89 MB ( 98%) used,   150.44 KB (  2%) free+waste,    35.12 KB ( <1%) overhead. 
      Class:      1.07 MB capacity,   902.32 KB ( 83%) used,   168.93 KB ( 15%) free+waste,    20.75 KB (  2%) overhead. 
       Both:      9.14 MB capacity,     8.77 MB ( 96%) used,   319.37 KB (  3%) free+waste,    55.88 KB ( <1%) overhead. 

Virtual space:
  Non-class space:       10.00 MB reserved,       8.25 MB ( 82%) committed 
      Class space:        1.00 GB reserved,       1.12 MB ( <1%) committed 
             Both:        1.01 GB reserved,       9.38 MB ( <1%) committed 

Chunk freelists:
   Non-Class:  105.00 KB
       Class:  28.00 KB
        Both:  133.00 KB

MaxMetaspaceSize: unlimited
CompressedClassSpaceSize: 1.00 GB

CodeHeap 'non-profiled nmethods': size=120036Kb used=879Kb max_used=879Kb free=119156Kb
 bounds [0x00007f07b03c9000, 0x00007f07b0639000, 0x00007f07b7902000]
CodeHeap 'profiled nmethods': size=120032Kb used=2665Kb max_used=2665Kb free=117367Kb
 bounds [0x00007f07a8e91000, 0x00007f07a9131000, 0x00007f07b03c9000]
CodeHeap 'non-nmethods': size=5692Kb used=1234Kb max_used=1262Kb free=4457Kb
 bounds [0x00007f07a8902000, 0x00007f07a8b72000, 0x00007f07a8e91000]
 total_blobs=2176 nmethods=1538 adapters=553
 compilation: enabled
              stopped_count=0, restarted_count=0
 full_count=0

Compilation events (20 events):
Event: 72.218 Thread 0x00007f07c005b800 1561       4       sun.awt.X11.XToolkit::getDisplay (20 bytes)
Event: 72.219 Thread 0x00007f07c005b800 nmethod 1561 0x00007f07b049ee10 code [0x00007f07b049efa0, 0x00007f07b049eff8]
Event: 72.516 Thread 0x00007f07c005b800 1562       4       sun.java2d.marlin.DHelpers::fastCurvelen (76 bytes)
Event: 72.516 Thread 0x00007f07c005b800 nmethod 1562 0x00007f07b049f090 code [0x00007f07b049f260, 0x00007f07b049f338]
Event: 73.048 Thread 0x00007f07c005b800 1563       4       sun.java2d.SunGraphics2D::validateColor (101 bytes)
Event: 73.056 Thread 0x00007f07c005b800 nmethod 1563 0x00007f07b049f390 code [0x00007f07b049f560, 0x00007f07b049f7f8]
Event: 78.518 Thread 0x00007f07c005b800 1564       4       Snowflake::drawSnowflake (180 bytes)
Event: 78.721 Thread 0x00007f07c005b800 nmethod 1564 0x00007f07b049fa90 code [0x00007f07b049fe20, 0x00007f07b04a1890]
Event: 83.728 Thread 0x00007f07c005b800 1565       4       sun.java2d.SunGraphics2D::setComposite (223 bytes)
Event: 83.743 Thread 0x00007f07c005b800 nmethod 1565 0x00007f07b04a2890 code [0x00007f07b04a2a60, 0x00007f07b04a2ce8]
Event: 83.928 Thread 0x00007f07c005b800 1566       4       sun.java2d.SunGraphics2D::setTransform (53 bytes)
Event: 83.934 Thread 0x00007f07c005b800 nmethod 1566 0x00007f07b04a2f10 code [0x00007f07b04a30c0, 0x00007f07b04a32c8]
Event: 83.941 Thread 0x00007f07c005b800 1567   !   4       processing.core.PApplet::handleMethods (36 bytes)
Event: 84.014 Thread 0x00007f07c005b800 nmethod 1567 0x00007f07b04a3510 code [0x00007f07b04a36e0, 0x00007f07b04a3e38]
Event: 87.149 Thread 0x00007f07c005b800 1568       4       Snowflake::moveSnowflake (129 bytes)
Event: 87.151 Thread 0x00007f07c005b800 nmethod 1568 0x00007f07b04a4290 code [0x00007f07b04a4460, 0x00007f07b04a4598]
Event: 92.886 Thread 0x00007f07c005d800 1569       1       sun.awt.X11.XDragSourceContextPeer::getProxyModeSourceWindow (5 bytes)
Event: 92.887 Thread 0x00007f07c005d800 nmethod 1569 0x00007f07b04a4690 code [0x00007f07b04a4840, 0x00007f07b04a4910]
Event: 92.887 Thread 0x00007f07c005d800 1570       1       sun.awt.X11.XEvent::getPData (5 bytes)
Event: 92.887 Thread 0x00007f07c005d800 nmethod 1570 0x00007f07b04a4990 code [0x00007f07b04a4b40, 0x00007f07b04a4c10]

GC Heap History (18 events):
Event: 1.336 GC heap before
{Heap before GC invocations=0 (full 0):
 def new generation   total 2432K, used 2176K [0x00000000f8000000, 0x00000000f82a0000, 0x00000000faaa0000)
  eden space 2176K, 100% used [0x00000000f8000000, 0x00000000f8220000, 0x00000000f8220000)
  from space 256K,   0% used [0x00000000f8220000, 0x00000000f8220000, 0x00000000f8260000)
  to   space 256K,   0% used [0x00000000f8260000, 0x00000000f8260000, 0x00000000f82a0000)
 tenured generation   total 5504K, used 0K [0x00000000faaa0000, 0x00000000fb000000, 0x0000000100000000)
   the space 5504K,   0% used [0x00000000faaa0000, 0x00000000faaa0000, 0x00000000faaa0200, 0x00000000fb000000)
 Metaspace       used 1345K, capacity 4935K, committed 5120K, reserved 1056768K
  class space    used 110K, capacity 453K, committed 512K, reserved 1048576K
}
Event: 1.342 GC heap after
{Heap after GC invocations=1 (full 0):
 def new generation   total 2432K, used 255K [0x00000000f8000000, 0x00000000f82a0000, 0x00000000faaa0000)
  eden space 2176K,   0% used [0x00000000f8000000, 0x00000000f8000000, 0x00000000f8220000)
  from space 256K,  99% used [0x00000000f8260000, 0x00000000f829fff8, 0x00000000f82a0000)
  to   space 256K,   0% used [0x00000000f8220000, 0x00000000f8220000, 0x00000000f8260000)
 tenured generation   total 5504K, used 641K [0x00000000faaa0000, 0x00000000fb000000, 0x0000000100000000)
   the space 5504K,  11% used [0x00000000faaa0000, 0x00000000fab40470, 0x00000000fab40600, 0x00000000fb000000)
 Metaspace       used 1345K, capacity 4935K, committed 5120K, reserved 1056768K
  class space    used 110K, capacity 453K, committed 512K, reserved 1048576K
}
Event: 11.946 GC heap before
{Heap before GC invocations=1 (full 0):
 def new generation   total 2432K, used 2431K [0x00000000f8000000, 0x00000000f82a0000, 0x00000000faaa0000)
  eden space 2176K, 100% used [0x00000000f8000000, 0x00000000f8220000, 0x00000000f8220000)
  from space 256K,  99% used [0x00000000f8260000, 0x00000000f829fff8, 0x00000000f82a0000)
  to   space 256K,   0% used [0x00000000f8220000, 0x00000000f8220000, 0x00000000f8260000)
 tenured generation   total 5504K, used 641K [0x00000000faaa0000, 0x00000000fb000000, 0x0000000100000000)
   the space 5504K,  11% used [0x00000000faaa0000, 0x00000000fab40470, 0x00000000fab40600, 0x00000000fb000000)
 Metaspace       used 3385K, capacity 5162K, committed 5504K, reserved 1056768K
  class space    used 315K, capacity 535K, committed 640K, reserved 1048576K
}
Event: 12.025 GC heap after
{Heap after GC invocations=2 (full 0):
 def new generation   total 2432K, used 256K [0x00000000f8000000, 0x00000000f82a0000, 0x00000000faaa0000)
  eden space 2176K,   0% used [0x00000000f8000000, 0x00000000f8000000, 0x00000000f8220000)
  from space 256K, 100% used [0x00000000f8220000, 0x00000000f8260000, 0x00000000f8260000)
  to   space 256K,   0% used [0x00000000f8260000, 0x00000000f8260000, 0x00000000f82a0000)
 tenured generation   total 5504K, used 1012K [0x00000000faaa0000, 0x00000000fb000000, 0x0000000100000000)
   the space 5504K,  18% used [0x00000000faaa0000, 0x00000000fab9d250, 0x00000000fab9d400, 0x00000000fb000000)
 Metaspace       used 3385K, capacity 5162K, committed 5504K, reserved 1056768K
  class space    used 315K, capacity 535K, committed 640K, reserved 1048576K
}
Event: 12.713 GC heap before
{Heap before GC invocations=2 (full 0):
 def new generation   total 2432K, used 2432K [0x00000000f8000000, 0x00000000f82a0000, 0x00000000faaa0000)
  eden space 2176K, 100% used [0x00000000f8000000, 0x00000000f8220000, 0x00000000f8220000)
  from space 256K, 100% used [0x00000000f8220000, 0x00000000f8260000, 0x00000000f8260000)
  to   space 256K,   0% used [0x00000000f8260000, 0x00000000f8260000, 0x00000000f82a0000)
 tenured generation   total 5504K, used 1012K [0x00000000faaa0000, 0x00000000fb000000, 0x0000000100000000)
   the space 5504K,  18% used [0x00000000faaa0000, 0x00000000fab9d250, 0x00000000fab9d400, 0x00000000fb000000)
 Metaspace       used 5451K, capacity 5852K, committed 6144K, reserved 1056768K
  class space    used 539K, capacity 676K, committed 768K, reserved 1048576K
}
Event: 12.724 GC heap after
{Heap after GC invocations=3 (full 0):
 def new generation   total 2432K, used 256K [0x00000000f8000000, 0x00000000f82a0000, 0x00000000faaa0000)
  eden space 2176K,   0% used [0x00000000f8000000, 0x00000000f8000000, 0x00000000f8220000)
  from space 256K, 100% used [0x00000000f8260000, 0x00000000f82a0000, 0x00000000f82a0000)
  to   space 256K,   0% used [0x00000000f8220000, 0x00000000f8220000, 0x00000000f8260000)
 tenured generation   total 5504K, used 1406K [0x00000000faaa0000, 0x00000000fb000000, 0x0000000100000000)
   the space 5504K,  25% used [0x00000000faaa0000, 0x00000000fabffb40, 0x00000000fabffc00, 0x00000000fb000000)
 Metaspace       used 5451K, capacity 5852K, committed 6144K, reserved 1056768K
  class space    used 539K, capacity 676K, committed 768K, reserved 1048576K
}
Event: 13.867 GC heap before
{Heap before GC invocations=3 (full 0):
 def new generation   total 2432K, used 2432K [0x00000000f8000000, 0x00000000f82a0000, 0x00000000faaa0000)
  eden space 2176K, 100% used [0x00000000f8000000, 0x00000000f8220000, 0x00000000f8220000)
  from space 256K, 100% used [0x00000000f8260000, 0x00000000f82a0000, 0x00000000f82a0000)
  to   space 256K,   0% used [0x00000000f8220000, 0x00000000f8220000, 0x00000000f8260000)
 tenured generation   total 5504K, used 1406K [0x00000000faaa0000, 0x00000000fb000000, 0x0000000100000000)
   the space 5504K,  25% used [0x00000000faaa0000, 0x00000000fabffb40, 0x00000000fabffc00, 0x00000000fb000000)
 Metaspace       used 7316K, capacity 7685K, committed 7936K, reserved 1056768K
  class space    used 772K, capacity 962K, committed 1024K, reserved 1048576K
}
Event: 13.874 GC heap after
{Heap after GC invocations=4 (full 0):
 def new generation   total 2432K, used 256K [0x00000000f8000000, 0x00000000f82a0000, 0x00000000faaa0000)
  eden space 2176K,   0% used [0x00000000f8000000, 0x00000000f8000000, 0x00000000f8220000)
  from space 256K, 100% used [0x00000000f8220000, 0x00000000f8260000, 0x00000000f8260000)
  to   space 256K,   0% used [0x00000000f8260000, 0x00000000f8260000, 0x00000000f82a0000)
 tenured generation   total 5504K, used 1788K [0x00000000faaa0000, 0x00000000fb000000, 0x0000000100000000)
   the space 5504K,  32% used [0x00000000faaa0000, 0x00000000fac5f290, 0x00000000fac5f400, 0x00000000fb000000)
 Metaspace       used 7316K, capacity 7685K, committed 7936K, reserved 1056768K
  class space    used 772K, capacity 962K, committed 1024K, reserved 1048576K
}
Event: 14.216 GC heap before
{Heap before GC invocations=4 (full 0):
 def new generation   total 2432K, used 1464K [0x00000000f8000000, 0x00000000f82a0000, 0x00000000faaa0000)
  eden space 2176K,  55% used [0x00000000f8000000, 0x00000000f812e3c0, 0x00000000f8220000)
  from space 256K, 100% used [0x00000000f8220000, 0x00000000f8260000, 0x00000000f8260000)
  to   space 256K,   0% used [0x00000000f8260000, 0x00000000f8260000, 0x00000000f82a0000)
 tenured generation   total 5504K, used 1788K [0x00000000faaa0000, 0x00000000fb000000, 0x0000000100000000)
   the space 5504K,  32% used [0x00000000faaa0000, 0x00000000fac5f290, 0x00000000fac5f400, 0x00000000fb000000)
 Metaspace       used 7359K, capacity 7749K, committed 7936K, reserved 1056768K
  class space    used 772K, capacity 962K, committed 1024K, reserved 1048576K
}
Event: 14.220 GC heap after
{Heap after GC invocations=5 (full 0):
 def new generation   total 2432K, used 227K [0x00000000f8000000, 0x00000000f82a0000, 0x00000000faaa0000)
  eden space 2176K,   0% used [0x00000000f8000000, 0x00000000f8000000, 0x00000000f8220000)
  from space 256K,  88% used [0x00000000f8260000, 0x00000000f8298d50, 0x00000000f82a0000)
  to   space 256K,   0% used [0x00000000f8220000, 0x00000000f8220000, 0x00000000f8260000)
 tenured generation   total 5504K, used 2295K [0x00000000faaa0000, 0x00000000fb000000, 0x0000000100000000)
   the space 5504K,  41% used [0x00000000faaa0000, 0x00000000facddd78, 0x00000000facdde00, 0x00000000fb000000)
 Metaspace       used 7359K, capacity 7749K, committed 7936K, reserved 1056768K
  class space    used 772K, capacity 962K, committed 1024K, reserved 1048576K
}
Event: 14.410 GC heap before
{Heap before GC invocations=5 (full 0):
 def new generation   total 2432K, used 2395K [0x00000000f8000000, 0x00000000f82a0000, 0x00000000faaa0000)
  eden space 2176K,  99% used [0x00000000f8000000, 0x00000000f821e0b8, 0x00000000f8220000)
  from space 256K,  88% used [0x00000000f8260000, 0x00000000f8298d50, 0x00000000f82a0000)
  to   space 256K,   0% used [0x00000000f8220000, 0x00000000f8220000, 0x00000000f8260000)
 tenured generation   total 5504K, used 2295K [0x00000000faaa0000, 0x00000000fb000000, 0x0000000100000000)
   the space 5504K,  41% used [0x00000000faaa0000, 0x00000000facddd78, 0x00000000facdde00, 0x00000000fb000000)
 Metaspace       used 7410K, capacity 7813K, committed 7936K, reserved 1056768K
  class space    used 780K, capacity 962K, committed 1024K, reserved 1048576K
}
Event: 14.416 GC heap after
{Heap after GC invocations=6 (full 0):
 def new generation   total 2432K, used 32K [0x00000000f8000000, 0x00000000f82a0000, 0x00000000faaa0000)
  eden space 2176K,   0% used [0x00000000f8000000, 0x00000000f8000000, 0x00000000f8220000)
  from space 256K,  12% used [0x00000000f8220000, 0x00000000f82283d0, 0x00000000f8260000)
  to   space 256K,   0% used [0x00000000f8260000, 0x00000000f8260000, 0x00000000f82a0000)
 tenured generation   total 5504K, used 3403K [0x00000000faaa0000, 0x00000000fb000000, 0x0000000100000000)
   the space 5504K,  61% used [0x00000000faaa0000, 0x00000000fadf2db0, 0x00000000fadf2e00, 0x00000000fb000000)
 Metaspace       used 7410K, capacity 7813K, committed 7936K, reserved 1056768K
  class space    used 780K, capacity 962K, committed 1024K, reserved 1048576K
}
Event: 17.033 GC heap before
{Heap before GC invocations=6 (full 0):
 def new generation   total 2432K, used 2208K [0x00000000f8000000, 0x00000000f82a0000, 0x00000000faaa0000)
  eden space 2176K, 100% used [0x00000000f8000000, 0x00000000f8220000, 0x00000000f8220000)
  from space 256K,  12% used [0x00000000f8220000, 0x00000000f82283d0, 0x00000000f8260000)
  to   space 256K,   0% used [0x00000000f8260000, 0x00000000f8260000, 0x00000000f82a0000)
 tenured generation   total 5504K, used 3403K [0x00000000faaa0000, 0x00000000fb000000, 0x0000000100000000)
   the space 5504K,  61% used [0x00000000faaa0000, 0x00000000fadf2db0, 0x00000000fadf2e00, 0x00000000fb000000)
 Metaspace       used 8576K, capacity 8971K, committed 9088K, reserved 1056768K
  class space    used 900K, capacity 1092K, committed 1152K, reserved 1048576K
}
Event: 17.350 GC heap after
{Heap after GC invocations=7 (full 0):
 def new generation   total 2432K, used 255K [0x00000000f8000000, 0x00000000f82a0000, 0x00000000faaa0000)
  eden space 2176K,   0% used [0x00000000f8000000, 0x00000000f8000000, 0x00000000f8220000)
  from space 256K,  99% used [0x00000000f8260000, 0x00000000f829fff8, 0x00000000f82a0000)
  to   space 256K,   0% used [0x00000000f8220000, 0x00000000f8220000, 0x00000000f8260000)
 tenured generation   total 5504K, used 4839K [0x00000000faaa0000, 0x00000000fb000000, 0x0000000100000000)
   the space 5504K,  87% used [0x00000000faaa0000, 0x00000000faf59cc0, 0x00000000faf59e00, 0x00000000fb000000)
 Metaspace       used 8576K, capacity 8971K, committed 9088K, reserved 1056768K
  class space    used 900K, capacity 1092K, committed 1152K, reserved 1048576K
}
Event: 47.883 GC heap before
{Heap before GC invocations=7 (full 0):
 def new generation   total 2432K, used 2431K [0x00000000f8000000, 0x00000000f82a0000, 0x00000000faaa0000)
  eden space 2176K, 100% used [0x00000000f8000000, 0x00000000f8220000, 0x00000000f8220000)
  from space 256K,  99% used [0x00000000f8260000, 0x00000000f829fff8, 0x00000000f82a0000)
  to   space 256K,   0% used [0x00000000f8220000, 0x00000000f8220000, 0x00000000f8260000)
 tenured generation   total 5504K, used 4839K [0x00000000faaa0000, 0x00000000fb000000, 0x0000000100000000)
   the space 5504K,  87% used [0x00000000faaa0000, 0x00000000faf59cc0, 0x00000000faf59e00, 0x00000000fb000000)
 Metaspace       used 8975K, capacity 9355K, committed 9600K, reserved 1058816K
  class space    used 901K, capacity 1092K, committed 1152K, reserved 1048576K
}
Event: 47.911 GC heap after
{Heap after GC invocations=8 (full 0):
 def new generation   total 2432K, used 20K [0x00000000f8000000, 0x00000000f82a0000, 0x00000000faaa0000)
  eden space 2176K,   0% used [0x00000000f8000000, 0x00000000f8000000, 0x00000000f8220000)
  from space 256K,   8% used [0x00000000f8220000, 0x00000000f8225280, 0x00000000f8260000)
  to   space 256K,   0% used [0x00000000f8260000, 0x00000000f8260000, 0x00000000f82a0000)
 tenured generation   total 5504K, used 5092K [0x00000000faaa0000, 0x00000000fb000000, 0x0000000100000000)
   the space 5504K,  92% used [0x00000000faaa0000, 0x00000000faf992c8, 0x00000000faf99400, 0x00000000fb000000)
 Metaspace       used 8975K, capacity 9355K, committed 9600K, reserved 1058816K
  class space    used 901K, capacity 1092K, committed 1152K, reserved 1048576K
}
Event: 72.847 GC heap before
{Heap before GC invocations=8 (full 0):
 def new generation   total 2432K, used 2196K [0x00000000f8000000, 0x00000000f82a0000, 0x00000000faaa0000)
  eden space 2176K, 100% used [0x00000000f8000000, 0x00000000f8220000, 0x00000000f8220000)
  from space 256K,   8% used [0x00000000f8220000, 0x00000000f8225280, 0x00000000f8260000)
  to   space 256K,   0% used [0x00000000f8260000, 0x00000000f8260000, 0x00000000f82a0000)
 tenured generation   total 5504K, used 5092K [0x00000000faaa0000, 0x00000000fb000000, 0x0000000100000000)
   the space 5504K,  92% used [0x00000000faaa0000, 0x00000000faf992c8, 0x00000000faf99400, 0x00000000fb000000)
 Metaspace       used 8976K, capacity 9355K, committed 9600K, reserved 1058816K
  class space    used 901K, capacity 1092K, committed 1152K, reserved 1048576K
}
Event: 72.848 GC heap after
{Heap after GC invocations=9 (full 0):
 def new generation   total 2432K, used 24K [0x00000000f8000000, 0x00000000f82a0000, 0x00000000faaa0000)
  eden space 2176K,   0% used [0x00000000f8000000, 0x00000000f8000000, 0x00000000f8220000)
  from space 256K,   9% used [0x00000000f8260000, 0x00000000f82661c0, 0x00000000f82a0000)
  to   space 256K,   0% used [0x00000000f8220000, 0x00000000f8220000, 0x00000000f8260000)
 tenured generation   total 5504K, used 5092K [0x00000000faaa0000, 0x00000000fb000000, 0x0000000100000000)
   the space 5504K,  92% used [0x00000000faaa0000, 0x00000000faf992c8, 0x00000000faf99400, 0x00000000fb000000)
 Metaspace       used 8976K, capacity 9355K, committed 9600K, reserved 1058816K
  class space    used 901K, capacity 1092K, committed 1152K, reserved 1048576K
}

Deoptimization events (20 events):
Event: 22.984 Thread 0x00007f07c02be000 Uncommon trap: trap_request=0xffffff4d fr.pc=0x00007f07b041863c relative=0x000000000000243c
Event: 22.984 Thread 0x00007f07c02be000 Uncommon trap: reason=unstable_if action=reinterpret pc=0x00007f07b041863c method=sun.java2d.marlin.MarlinTileGenerator.getAlphaRLE([BII)V @ 936 c2
Event: 22.984 Thread 0x00007f07c02be000 DEOPT PACKING pc=0x00007f07b041863c sp=0x00007f07799b8260
Event: 22.984 Thread 0x00007f07c02be000 DEOPT UNPACKING pc=0x00007f07a89281a5 sp=0x00007f07799b8120 mode 2
Event: 23.014 Thread 0x00007f07c02be000 DEOPT PACKING pc=0x00007f07a8fe1c60 sp=0x00007f07799b80c0
Event: 23.014 Thread 0x00007f07c02be000 DEOPT UNPACKING pc=0x00007f07a8927fba sp=0x00007f07799b7590 mode 0
Event: 26.725 Thread 0x00007f07c02be000 DEOPT PACKING pc=0x00007f07a902c975 sp=0x00007f07799b82c0
Event: 26.725 Thread 0x00007f07c02be000 DEOPT UNPACKING pc=0x00007f07a8927fba sp=0x00007f07799b77b0 mode 0
Event: 28.319 Thread 0x00007f07c02be000 Uncommon trap: trap_request=0xffffff4d fr.pc=0x00007f07b0452488 relative=0x0000000000003ba8
Event: 28.319 Thread 0x00007f07c02be000 Uncommon trap: reason=unstable_if action=reinterpret pc=0x00007f07b0452488 method=sun.java2d.marlin.DTransformingPathConsumer2D$PathClipFilter.finishPath()V @ 4 c2
Event: 28.319 Thread 0x00007f07c02be000 DEOPT PACKING pc=0x00007f07b0452488 sp=0x00007f07799b81a0
Event: 28.319 Thread 0x00007f07c02be000 DEOPT UNPACKING pc=0x00007f07a89281a5 sp=0x00007f07799b8140 mode 2
Event: 47.915 Thread 0x00007f07c02be000 Uncommon trap: trap_request=0xffffff4d fr.pc=0x00007f07b04670cc relative=0x000000000000026c
Event: 47.915 Thread 0x00007f07c02be000 Uncommon trap: reason=unstable_if action=reinterpret pc=0x00007f07b04670cc method=sun.java2d.SunGraphics2D.validateColor()V @ 38 c2
Event: 47.915 Thread 0x00007f07c02be000 DEOPT PACKING pc=0x00007f07b04670cc sp=0x00007f07799b7d10
Event: 47.915 Thread 0x00007f07c02be000 DEOPT UNPACKING pc=0x00007f07a89281a5 sp=0x00007f07799b7c60 mode 2
Event: 82.895 Thread 0x00007f07c02be000 Uncommon trap: trap_request=0xffffff4d fr.pc=0x00007f07b0463d54 relative=0x0000000000000034
Event: 82.895 Thread 0x00007f07c02be000 Uncommon trap: reason=unstable_if action=reinterpret pc=0x00007f07b0463d54 method=sun.java2d.marlin.DHelpers.isort([DI)V @ 4 c2
Event: 82.895 Thread 0x00007f07c02be000 DEOPT PACKING pc=0x00007f07b0463d54 sp=0x00007f07799b8200
Event: 82.895 Thread 0x00007f07c02be000 DEOPT UNPACKING pc=0x00007f07a89281a5 sp=0x00007f07799b8198 mode 2

Classes redefined (0 events):
No events

Internal exceptions (20 events):
Event: 0.791 Thread 0x00007f07c0016000 Exception <a 'java/lang/ClassNotFoundException'{0x00000000f8163668}: sun/awt/resources/spi/awtProvider> (0x00000000f8163668) thrown at [./src/hotspot/share/classfile/systemDictionary.cpp, line 231]
Event: 1.324 Thread 0x00007f07c0016000 Exception <a 'java/io/FileNotFoundException'{0x00000000f8202c80}> (0x00000000f8202c80) thrown at [./src/hotspot/share/prims/jni.cpp, line 615]
Event: 1.430 Thread 0x00007f07c0016000 Exception <a 'java/lang/NoSuchMethodError'{0x00000000f8044b50}: 'java.lang.Object java.lang.invoke.DirectMethodHandle$Holder.invokeStatic(java.lang.Object, java.lang.Object, java.lang.Object, java.lang.Object, java.lang.Object, java.lang.Object, java.lang.Object, java.lang.Object, java.lang.Object, java.lang.Object, java.lang.Object, java.lang.Object, java.lang.Object, java.lang.Object, java.lang.Object)'> (0x00000000f8044b50) thrown at [./src/hotspot/share/interpreter/linkResolver.cpp, line 773]
Event: 1.516 Thread 0x00007f07c0016000 Exception <a 'java/lang/NoSuchMethodError'{0x00000000f8052d60}: 'java.lang.Object java.lang.invoke.DirectMethodHandle$Holder.invokeStatic(java.lang.Object, java.lang.Object, java.lang.Object, java.lang.Object, java.lang.Object, java.lang.Object, java.lang.Object, java.lang.Object, java.lang.Object, java.lang.Object, java.lang.Object, java.lang.Object, java.lang.Object, java.lang.Object, java.lang.Object, java.lang.Object)'> (0x00000000f8052d60) thrown at [./src/hotspot/share/interpreter/linkResolver.cpp, l
Event: 1.523 Thread 0x00007f07c0016000 Exception <a 'java/lang/NoSuchMethodError'{0x00000000f8060d90}: 'java.lang.Object java.lang.invoke.DirectMethodHandle$Holder.invokeSpecial(java.lang.Object, java.lang.Object, int, int, java.lang.Object, java.lang.Object, java.lang.Object)'> (0x00000000f8060d90) thrown at [./src/hotspot/share/interpreter/linkResolver.cpp, line 773]
Event: 1.525 Thread 0x00007f07c0016000 Exception <a 'java/lang/NoSuchMethodError'{0x00000000f8064320}: 'java.lang.Object java.lang.invoke.DelegatingMethodHandle$Holder.reinvoke_L(java.lang.Object, int, int, java.lang.Object, java.lang.Object, java.lang.Object)'> (0x00000000f8064320) thrown at [./src/hotspot/share/interpreter/linkResolver.cpp, line 773]
Event: 1.528 Thread 0x00007f07c0016000 Exception <a 'java/lang/NoSuchMethodError'{0x00000000f8068648}: 'java.lang.Object java.lang.invoke.DirectMethodHandle$Holder.invokeStatic(java.lang.Object, java.lang.Object, java.lang.Object, java.lang.Object, int)'> (0x00000000f8068648) thrown at [./src/hotspot/share/interpreter/linkResolver.cpp, line 773]
Event: 11.695 Thread 0x00007f07c0016000 Exception <a 'java/lang/NoSuchMethodError'{0x00000000f81c8ca0}: 'java.lang.Object java.lang.invoke.DirectMethodHandle$Holder.invokeStatic(java.lang.Object, java.lang.Object, java.lang.Object, java.lang.Object, java.lang.Object, java.lang.Object, java.lang.Object, java.lang.Object, int)'> (0x00000000f81c8ca0) thrown at [./src/hotspot/share/interpreter/linkResolver.cpp, line 773]
Event: 11.700 Thread 0x00007f07c0016000 Exception <a 'java/lang/NoSuchMethodError'{0x00000000f81e3468}: 'java.lang.Object java.lang.invoke.DirectMethodHandle$Holder.invokeStatic(java.lang.Object, java.lang.Object, java.lang.Object, java.lang.Object, java.lang.Object, java.lang.Object, java.lang.Object, java.lang.Object, int, int)'> (0x00000000f81e3468) thrown at [./src/hotspot/share/interpreter/linkResolver.cpp, line 773]
Event: 11.811 Thread 0x00007f07c0016000 Exception <a 'java/lang/NoSuchMethodError'{0x00000000f81ef848}: 'void java.lang.invoke.DirectMethodHandle$Holder.invokeSpecial(java.lang.Object, java.lang.Object)'> (0x00000000f81ef848) thrown at [./src/hotspot/share/interpreter/linkResolver.cpp, line 773]
Event: 12.656 Thread 0x00007f07c0016000 Exception <a 'java/lang/NoSuchMethodError'{0x00000000f81e3848}: 'java.lang.Object java.lang.invoke.DirectMethodHandle$Holder.invokeStatic(java.lang.Object, int, java.lang.Object, java.lang.Object, java.lang.Object, java.lang.Object)'> (0x00000000f81e3848) thrown at [./src/hotspot/share/interpreter/linkResolver.cpp, line 773]
Event: 12.657 Thread 0x00007f07c0016000 Exception <a 'java/lang/NoSuchMethodError'{0x00000000f81ee460}: 'java.lang.Object java.lang.invoke.DirectMethodHandle$Holder.invokeStatic(java.lang.Object, int, java.lang.Object, java.lang.Object, java.lang.Object)'> (0x00000000f81ee460) thrown at [./src/hotspot/share/interpreter/linkResolver.cpp, line 773]
Event: 12.658 Thread 0x00007f07c0016000 Exception <a 'java/lang/NoSuchMethodError'{0x00000000f81f1fa8}: 'java.lang.Object java.lang.invoke.DirectMethodHandle$Holder.invokeSpecial(java.lang.Object, java.lang.Object, int, java.lang.Object, java.lang.Object, java.lang.Object)'> (0x00000000f81f1fa8) thrown at [./src/hotspot/share/interpreter/linkResolver.cpp, line 773]
Event: 12.662 Thread 0x00007f07c0016000 Exception <a 'java/lang/NoSuchMethodError'{0x00000000f8209c80}: 'java.lang.Object java.lang.invoke.DirectMethodHandle$Holder.invokeStatic(java.lang.Object, int, java.lang.Object)'> (0x00000000f8209c80) thrown at [./src/hotspot/share/interpreter/linkResolver.cpp, line 773]
Event: 12.914 Thread 0x00007f07c0016000 Exception <a 'java/lang/NoSuchMethodError'{0x00000000f80e1278}: 'java.lang.Object java.lang.invoke.Invokers$Holder.linkToTargetMethod(java.lang.Object, int, java.lang.Object)'> (0x00000000f80e1278) thrown at [./src/hotspot/share/interpreter/linkResolver.cpp, line 773]
Event: 12.922 Thread 0x00007f07c0016000 Exception <a 'java/lang/ClassNotFoundException'{0x00000000f80e9600}: com/sun/swing/internal/plaf/metal/resources/spi/metalProvider> (0x00000000f80e9600) thrown at [./src/hotspot/share/classfile/systemDictionary.cpp, line 231]
Event: 13.012 Thread 0x00007f07c0016000 Exception <a 'java/lang/ClassNotFoundException'{0x00000000f80edb40}: com/sun/swing/internal/plaf/basic/resources/spi/basicProvider> (0x00000000f80edb40) thrown at [./src/hotspot/share/classfile/systemDictionary.cpp, line 231]
Event: 13.241 Thread 0x00007f07c0016000 Exception <a 'java/lang/NoSuchMethodError'{0x00000000f8181220}: 'void java.lang.invoke.DirectMethodHandle$Holder.invokeStaticInit(java.lang.Object)'> (0x00000000f8181220) thrown at [./src/hotspot/share/interpreter/linkResolver.cpp, line 773]
Event: 13.410 Thread 0x00007f07c0016000 Exception <a 'java/lang/NoSuchMethodError'{0x00000000f81be8d8}: 'java.lang.Object java.lang.invoke.DirectMethodHandle$Holder.invokeStatic(java.lang.Object, java.lang.Object, java.lang.Object, java.lang.Object, java.lang.Object, java.lang.Object, java.lang.Object, java.lang.Object, java.lang.Object, java.lang.Object, java.lang.Object, java.lang.Object, java.lang.Object, int)'> (0x00000000f81be8d8) thrown at [./src/hotspot/share/interpreter/linkResolver.cpp, line 773]
Event: 13.417 Thread 0x00007f07c0016000 Exception <a 'java/lang/NoSuchMethodError'{0x00000000f81cb520}: 'java.lang.Object java.lang.invoke.DirectMethodHandle$Holder.invokeStatic(java.lang.Object, java.lang.Object, java.lang.Object, java.lang.Object, java.lang.Object, java.lang.Object, java.lang.Object, java.lang.Object, java.lang.Object, java.lang.Object, java.lang.Object, java.lang.Object, java.lang.Object, int, int)'> (0x00000000f81cb520) thrown at [./src/hotspot/share/interpreter/linkResolver.cpp, line 773]

Events (20 events):
Event: 42.101 loading class sun/awt/X11/XMotionEvent done
Event: 47.883 Executing VM operation: GenCollectForAllocation
Event: 47.912 Executing VM operation: GenCollectForAllocation done
Event: 72.847 Executing VM operation: GenCollectForAllocation
Event: 72.848 Executing VM operation: GenCollectForAllocation done
Event: 92.885 loading class jdk/internal/misc/Signal$1
Event: 92.958 loading class jdk/internal/misc/Signal$1 done
Event: 92.958 Thread 0x00007f0794001000 Thread added: 0x00007f0794001000
Event: 92.958 Protecting memory [0x00007f0779bbc000,0x00007f0779bc0000] with protection modes 0
Event: 92.958 Thread 0x00007f0794002800 Thread added: 0x00007f0794002800
Event: 92.958 Protecting memory [0x00007f0779cbd000,0x00007f0779cc1000] with protection modes 0
Event: 92.959 Executing VM operation: RevokeBias
Event: 92.963 Executing VM operation: RevokeBias done
Event: 92.963 Executing VM operation: RevokeBias
Event: 92.963 Executing coalesced safepoint VM operation: RevokeBias
Event: 92.963 Executing coalesced safepoint VM operation: RevokeBias done
Event: 92.963 Executing VM operation: RevokeBias done
Event: 92.963 Thread 0x00007f076801a000 Thread added: 0x00007f076801a000
Event: 92.963 Protecting memory [0x00007f07bfeff000,0x00007f07bff03000] with protection modes 0
Event: 92.964 loading class sun/awt/X11/XSystemTrayPeer


Dynamic libraries:
f8000000-f82a0000 rw-p 00000000 00:00 0 
f82a0000-faaa0000 ---p 00000000 00:00 0 
faaa0000-fb000000 rw-p 00000000 00:00 0 
fb000000-100000000 ---p 00000000 00:00 0 
800000000-800002000 rwxp 00001000 08:01 2329391                          /usr/lib/jvm/java-11-openjdk-amd64/lib/server/classes.jsa
800002000-8003b8000 rw-p 00003000 08:01 2329391                          /usr/lib/jvm/java-11-openjdk-amd64/lib/server/classes.jsa
8003b8000-800a93000 r--p 003b9000 08:01 2329391                          /usr/lib/jvm/java-11-openjdk-amd64/lib/server/classes.jsa
800a93000-800a94000 rw-p 00a94000 08:01 2329391                          /usr/lib/jvm/java-11-openjdk-amd64/lib/server/classes.jsa
800a94000-8010a0000 r--p 00a95000 08:01 2329391                          /usr/lib/jvm/java-11-openjdk-amd64/lib/server/classes.jsa
840000000-840120000 rw-p 00000000 00:00 0 
840120000-880000000 ---p 00000000 00:00 0 
56055c123000-56055c124000 r-xp 00000000 08:01 2329023                    /usr/lib/jvm/java-11-openjdk-amd64/bin/java
56055c324000-56055c325000 r--p 00001000 08:01 2329023                    /usr/lib/jvm/java-11-openjdk-amd64/bin/java
56055c325000-56055c326000 rw-p 00002000 08:01 2329023                    /usr/lib/jvm/java-11-openjdk-amd64/bin/java
56055c7f4000-56055c815000 rw-p 00000000 00:00 0                          [heap]
7f0754000000-7f07541a8000 rw-p 00000000 00:00 0 
7f07541a8000-7f0758000000 ---p 00000000 00:00 0 
7f0758000000-7f0758046000 rw-p 00000000 00:00 0 
7f0758046000-7f075c000000 ---p 00000000 00:00 0 
7f075c000000-7f075c02e000 rw-p 00000000 00:00 0 
7f075c02e000-7f0760000000 ---p 00000000 00:00 0 
7f0760000000-7f0760021000 rw-p 00000000 00:00 0 
7f0760021000-7f0764000000 ---p 00000000 00:00 0 
7f0764000000-7f0764021000 rw-p 00000000 00:00 0 
7f0764021000-7f0768000000 ---p 00000000 00:00 0 
7f0768000000-7f076803a000 rw-p 00000000 00:00 0 
7f076803a000-7f076c000000 ---p 00000000 00:00 0 
7f076c000000-7f076c021000 rw-p 00000000 00:00 0 
7f076c021000-7f0770000000 ---p 00000000 00:00 0 
7f0770000000-7f0770021000 rw-p 00000000 00:00 0 
7f0770021000-7f0774000000 ---p 00000000 00:00 0 
7f0774000000-7f0774021000 rw-p 00000000 00:00 0 
7f0774021000-7f0778000000 ---p 00000000 00:00 0 
7f07795c4000-7f0779604000 rw-p 00000000 00:00 0 
7f0779604000-7f07797c4000 ---p 00000000 00:00 0 
7f07797c4000-7f07798b9000 rw-s 00000000 00:01 229382                     /SYSV00000000 (deleted)
7f07798b9000-7f07798bd000 ---p 00000000 00:00 0 
7f07798bd000-7f07799ba000 rw-p 00000000 00:00 0 
7f07799ba000-7f07799be000 ---p 00000000 00:00 0 
7f07799be000-7f0779abb000 rw-p 00000000 00:00 0 
7f0779abb000-7f0779abf000 ---p 00000000 00:00 0 
7f0779abf000-7f0779bbc000 rw-p 00000000 00:00 0 
7f0779bbc000-7f0779bc0000 ---p 00000000 00:00 0 
7f0779bc0000-7f0779cbd000 rw-p 00000000 00:00 0 
7f0779cbd000-7f0779cc1000 ---p 00000000 00:00 0 
7f0779cc1000-7f0779dbe000 rw-p 00000000 00:00 0 
7f0779dbe000-7f0779dc2000 ---p 00000000 00:00 0 
7f0779dc2000-7f0779ebf000 rw-p 00000000 00:00 0 
7f0779ebf000-7f0779ec4000 r-xp 00000000 08:01 1299742                    /usr/lib/x86_64-linux-gnu/libXfixes.so.3.1.0
7f0779ec4000-7f077a0c3000 ---p 00005000 08:01 1299742                    /usr/lib/x86_64-linux-gnu/libXfixes.so.3.1.0
7f077a0c3000-7f077a0c4000 r--p 00004000 08:01 1299742                    /usr/lib/x86_64-linux-gnu/libXfixes.so.3.1.0
7f077a0c4000-7f077a0c5000 rw-p 00005000 08:01 1299742                    /usr/lib/x86_64-linux-gnu/libXfixes.so.3.1.0
7f077a0c5000-7f077a0ce000 r-xp 00000000 08:01 1299734                    /usr/lib/x86_64-linux-gnu/libXcursor.so.1.0.2
7f077a0ce000-7f077a2cd000 ---p 00009000 08:01 1299734                    /usr/lib/x86_64-linux-gnu/libXcursor.so.1.0.2
7f077a2cd000-7f077a2ce000 r--p 00008000 08:01 1299734                    /usr/lib/x86_64-linux-gnu/libXcursor.so.1.0.2
7f077a2ce000-7f077a2cf000 rw-p 00009000 08:01 1299734                    /usr/lib/x86_64-linux-gnu/libXcursor.so.1.0.2
7f077a2cf000-7f077a2d0000 ---p 00000000 00:00 0 
7f077a2d0000-7f077aad0000 rw-p 00000000 00:00 0 
7f077aad0000-7f077aad1000 ---p 00000000 00:00 0 
7f077aad1000-7f077b2d1000 rw-p 00000000 00:00 0 
7f077b2d1000-7f077b2dd000 r-xp 00000000 08:01 1299488                    /usr/lib/x86_64-linux-gnu/gio/modules/libdconfsettings.so
7f077b2dd000-7f077b4dc000 ---p 0000c000 08:01 1299488                    /usr/lib/x86_64-linux-gnu/gio/modules/libdconfsettings.so
7f077b4dc000-7f077b4dd000 r--p 0000b000 08:01 1299488                    /usr/lib/x86_64-linux-gnu/gio/modules/libdconfsettings.so
7f077b4dd000-7f077b4de000 rw-p 0000c000 08:01 1299488                    /usr/lib/x86_64-linux-gnu/gio/modules/libdconfsettings.so
7f077b4de000-7f077b4e4000 r-xp 00000000 08:01 779574                     /lib/x86_64-linux-gnu/libuuid.so.1.3.0
7f077b4e4000-7f077b6e3000 ---p 00006000 08:01 779574                     /lib/x86_64-linux-gnu/libuuid.so.1.3.0
7f077b6e3000-7f077b6e4000 r--p 00005000 08:01 779574                     /lib/x86_64-linux-gnu/libuuid.so.1.3.0
7f077b6e4000-7f077b6e5000 rw-p 00006000 08:01 779574                     /lib/x86_64-linux-gnu/libuuid.so.1.3.0
7f077b6e5000-7f077b72c000 r-xp 00000000 08:01 779482                     /lib/x86_64-linux-gnu/libblkid.so.1.1.0
7f077b72c000-7f077b92c000 ---p 00047000 08:01 779482                     /lib/x86_64-linux-gnu/libblkid.so.1.1.0
7f077b92c000-7f077b930000 r--p 00047000 08:01 779482                     /lib/x86_64-linux-gnu/libblkid.so.1.1.0
7f077b930000-7f077b931000 rw-p 0004b000 08:01 779482                     /lib/x86_64-linux-gnu/libblkid.so.1.1.0
7f077b931000-7f077b932000 rw-p 00000000 00:00 0 
7f077b932000-7f077b9a2000 r-xp 00000000 08:01 779546                     /lib/x86_64-linux-gnu/libpcre.so.3.13.3
7f077b9a2000-7f077bba2000 ---p 00070000 08:01 779546                     /lib/x86_64-linux-gnu/libpcre.so.3.13.3
7f077bba2000-7f077bba3000 r--p 00070000 08:01 779546                     /lib/x86_64-linux-gnu/libpcre.so.3.13.3
7f077bba3000-7f077bba4000 rw-p 00071000 08:01 779546                     /lib/x86_64-linux-gnu/libpcre.so.3.13.3
7f077bba4000-7f077bbab000 r-xp 00000000 08:01 780255                     /usr/lib/x86_64-linux-gnu/libffi.so.6.0.4
7f077bbab000-7f077bdaa000 ---p 00007000 08:01 780255                     /usr/lib/x86_64-linux-gnu/libffi.so.6.0.4
7f077bdaa000-7f077bdab000 r--p 00006000 08:01 780255                     /usr/lib/x86_64-linux-gnu/libffi.so.6.0.4
7f077bdab000-7f077bdac000 rw-p 00007000 08:01 780255                     /usr/lib/x86_64-linux-gnu/libffi.so.6.0.4
7f077bdac000-7f077bdfd000 r-xp 00000000 08:01 779516                     /lib/x86_64-linux-gnu/libmount.so.1.1.0
7f077bdfd000-7f077bffc000 ---p 00051000 08:01 779516                     /lib/x86_64-linux-gnu/libmount.so.1.1.0
7f077bffc000-7f077bffe000 r--p 00050000 08:01 779516                     /lib/x86_64-linux-gnu/libmount.so.1.1.0
7f077bffe000-7f077bfff000 rw-p 00052000 08:01 779516                     /lib/x86_64-linux-gnu/libmount.so.1.1.0
7f077bfff000-7f077c000000 rw-p 00000000 00:00 0 
7f077c000000-7f077c021000 rw-p 00000000 00:00 0 
7f077c021000-7f0780000000 ---p 00000000 00:00 0 
7f0780000000-7f0780021000 rw-p 00000000 00:00 0 
7f0780021000-7f0784000000 ---p 00000000 00:00 0 
7f0784000000-7f0784021000 rw-p 00000000 00:00 0 
7f0784021000-7f0788000000 ---p 00000000 00:00 0 
7f0788000000-7f0788021000 rw-p 00000000 00:00 0 
7f0788021000-7f078c000000 ---p 00000000 00:00 0 
7f078c000000-7f078d217000 rw-p 00000000 00:00 0 
7f078d217000-7f0790000000 ---p 00000000 00:00 0 
7f0790000000-7f07903d7000 rw-p 00000000 00:00 0 
7f07903d7000-7f0794000000 ---p 00000000 00:00 0 
7f0794000000-7f0794021000 rw-p 00000000 00:00 0 
7f0794021000-7f0798000000 ---p 00000000 00:00 0 
7f07980d6000-7f07980da000 ---p 00000000 00:00 0 
7f07980da000-7f07981d7000 rw-p 00000000 00:00 0 
7f07981d7000-7f07981ee000 r-xp 00000000 08:01 779551                     /lib/x86_64-linux-gnu/libresolv-2.27.so
7f07981ee000-7f07983ee000 ---p 00017000 08:01 779551                     /lib/x86_64-linux-gnu/libresolv-2.27.so
7f07983ee000-7f07983ef000 r--p 00017000 08:01 779551                     /lib/x86_64-linux-gnu/libresolv-2.27.so
7f07983ef000-7f07983f0000 rw-p 00018000 08:01 779551                     /lib/x86_64-linux-gnu/libresolv-2.27.so
7f07983f0000-7f07983f2000 rw-p 00000000 00:00 0 
7f07983f2000-7f0798417000 r-xp 00000000 08:01 779557                     /lib/x86_64-linux-gnu/libselinux.so.1
7f0798417000-7f0798616000 ---p 00025000 08:01 779557                     /lib/x86_64-linux-gnu/libselinux.so.1
7f0798616000-7f0798617000 r--p 00024000 08:01 779557                     /lib/x86_64-linux-gnu/libselinux.so.1
7f0798617000-7f0798618000 rw-p 00025000 08:01 779557                     /lib/x86_64-linux-gnu/libselinux.so.1
7f0798618000-7f079861a000 rw-p 00000000 00:00 0 
7f079861a000-7f079872e000 r-xp 00000000 08:01 1300118                    /usr/lib/x86_64-linux-gnu/libglib-2.0.so.0.5600.4
7f079872e000-7f079892e000 ---p 00114000 08:01 1300118                    /usr/lib/x86_64-linux-gnu/libglib-2.0.so.0.5600.4
7f079892e000-7f079892f000 r--p 00114000 08:01 1300118                    /usr/lib/x86_64-linux-gnu/libglib-2.0.so.0.5600.4
7f079892f000-7f0798930000 rw-p 00115000 08:01 1300118                    /usr/lib/x86_64-linux-gnu/libglib-2.0.so.0.5600.4
7f0798930000-7f0798931000 rw-p 00000000 00:00 0 
7f0798931000-7f0798934000 r-xp 00000000 08:01 1300124                    /usr/lib/x86_64-linux-gnu/libgmodule-2.0.so.0.5600.4
7f0798934000-7f0798b33000 ---p 00003000 08:01 1300124                    /usr/lib/x86_64-linux-gnu/libgmodule-2.0.so.0.5600.4
7f0798b33000-7f0798b34000 r--p 00002000 08:01 1300124                    /usr/lib/x86_64-linux-gnu/libgmodule-2.0.so.0.5600.4
7f0798b34000-7f0798b35000 rw-p 00003000 08:01 1300124                    /usr/lib/x86_64-linux-gnu/libgmodule-2.0.so.0.5600.4
7f0798b35000-7f0798b87000 r-xp 00000000 08:01 1300128                    /usr/lib/x86_64-linux-gnu/libgobject-2.0.so.0.5600.4
7f0798b87000-7f0798d87000 ---p 00052000 08:01 1300128                    /usr/lib/x86_64-linux-gnu/libgobject-2.0.so.0.5600.4
7f0798d87000-7f0798d88000 r--p 00052000 08:01 1300128                    /usr/lib/x86_64-linux-gnu/libgobject-2.0.so.0.5600.4
7f0798d88000-7f0798d89000 rw-p 00053000 08:01 1300128                    /usr/lib/x86_64-linux-gnu/libgobject-2.0.so.0.5600.4
7f0798d89000-7f0798f1e000 r-xp 00000000 08:01 1300110                    /usr/lib/x86_64-linux-gnu/libgio-2.0.so.0.5600.4
7f0798f1e000-7f079911e000 ---p 00195000 08:01 1300110                    /usr/lib/x86_64-linux-gnu/libgio-2.0.so.0.5600.4
7f079911e000-7f0799125000 r--p 00195000 08:01 1300110                    /usr/lib/x86_64-linux-gnu/libgio-2.0.so.0.5600.4
7f0799125000-7f0799126000 rw-p 0019c000 08:01 1300110                    /usr/lib/x86_64-linux-gnu/libgio-2.0.so.0.5600.4
7f0799126000-7f0799128000 rw-p 00000000 00:00 0 
7f0799128000-7f0799132000 r-xp 00000000 08:01 1299758                    /usr/lib/x86_64-linux-gnu/libXrandr.so.2.2.0
7f0799132000-7f0799331000 ---p 0000a000 08:01 1299758                    /usr/lib/x86_64-linux-gnu/libXrandr.so.2.2.0
7f0799331000-7f0799332000 r--p 00009000 08:01 1299758                    /usr/lib/x86_64-linux-gnu/libXrandr.so.2.2.0
7f0799332000-7f0799333000 rw-p 0000a000 08:01 1299758                    /usr/lib/x86_64-linux-gnu/libXrandr.so.2.2.0
7f0799333000-7f0799364000 r-xp 00000000 08:01 1300417                    /usr/lib/x86_64-linux-gnu/libpng16.so.16.34.0
7f0799364000-7f0799563000 ---p 00031000 08:01 1300417                    /usr/lib/x86_64-linux-gnu/libpng16.so.16.34.0
7f0799563000-7f0799564000 r--p 00030000 08:01 1300417                    /usr/lib/x86_64-linux-gnu/libpng16.so.16.34.0
7f0799564000-7f0799565000 rw-p 00031000 08:01 1300417                    /usr/lib/x86_64-linux-gnu/libpng16.so.16.34.0
7f0799565000-7f0799612000 r-xp 00000000 08:01 1300091                    /usr/lib/x86_64-linux-gnu/libfreetype.so.6.15.0
7f0799612000-7f0799811000 ---p 000ad000 08:01 1300091                    /usr/lib/x86_64-linux-gnu/libfreetype.so.6.15.0
7f0799811000-7f0799818000 r--p 000ac000 08:01 1300091                    /usr/lib/x86_64-linux-gnu/libfreetype.so.6.15.0
7f0799818000-7f0799819000 rw-p 000b3000 08:01 1300091                    /usr/lib/x86_64-linux-gnu/libfreetype.so.6.15.0
7f0799819000-7f079994d000 r-xp 00000000 08:01 2329352                    /usr/lib/jvm/java-11-openjdk-amd64/lib/libfontmanager.so
7f079994d000-7f0799b4d000 ---p 00134000 08:01 2329352                    /usr/lib/jvm/java-11-openjdk-amd64/lib/libfontmanager.so
7f0799b4d000-7f0799b4e000 r--p 00134000 08:01 2329352                    /usr/lib/jvm/java-11-openjdk-amd64/lib/libfontmanager.so
7f0799b4e000-7f0799b4f000 rw-p 00135000 08:01 2329352                    /usr/lib/jvm/java-11-openjdk-amd64/lib/libfontmanager.so
7f0799b4f000-7f0799b52000 rw-p 00000000 00:00 0 
7f0799b52000-7f0799b65000 r-xp 00000000 08:01 1033822                    /lib/x86_64-linux-gnu/libbsd.so.0.8.7
7f0799b65000-7f0799d64000 ---p 00013000 08:01 1033822                    /lib/x86_64-linux-gnu/libbsd.so.0.8.7
7f0799d64000-7f0799d65000 r--p 00012000 08:01 1033822                    /lib/x86_64-linux-gnu/libbsd.so.0.8.7
7f0799d65000-7f0799d66000 rw-p 00013000 08:01 1033822                    /lib/x86_64-linux-gnu/libbsd.so.0.8.7
7f0799d66000-7f0799d67000 rw-p 00000000 00:00 0 
7f0799d67000-7f0799d6c000 r-xp 00000000 08:01 1299738                    /usr/lib/x86_64-linux-gnu/libXdmcp.so.6.0.0
7f0799d6c000-7f0799f6b000 ---p 00005000 08:01 1299738                    /usr/lib/x86_64-linux-gnu/libXdmcp.so.6.0.0
7f0799f6b000-7f0799f6c000 r--p 00004000 08:01 1299738                    /usr/lib/x86_64-linux-gnu/libXdmcp.so.6.0.0
7f0799f6c000-7f0799f6d000 rw-p 00005000 08:01 1299738                    /usr/lib/x86_64-linux-gnu/libXdmcp.so.6.0.0
7f0799f6d000-7f0799f6f000 r-xp 00000000 08:01 1299727                    /usr/lib/x86_64-linux-gnu/libXau.so.6.0.0
7f0799f6f000-7f079a16f000 ---p 00002000 08:01 1299727                    /usr/lib/x86_64-linux-gnu/libXau.so.6.0.0
7f079a16f000-7f079a170000 r--p 00002000 08:01 1299727                    /usr/lib/x86_64-linux-gnu/libXau.so.6.0.0
7f079a170000-7f079a171000 rw-p 00003000 08:01 1299727                    /usr/lib/x86_64-linux-gnu/libXau.so.6.0.0
7f079a171000-7f079a197000 r-xp 00000000 08:01 1300620                    /usr/lib/x86_64-linux-gnu/libxcb.so.1.1.0
7f079a197000-7f079a397000 ---p 00026000 08:01 1300620                    /usr/lib/x86_64-linux-gnu/libxcb.so.1.1.0
7f079a397000-7f079a398000 r--p 00026000 08:01 1300620                    /usr/lib/x86_64-linux-gnu/libxcb.so.1.1.0
7f079a398000-7f079a399000 rw-p 00027000 08:01 1300620                    /usr/lib/x86_64-linux-gnu/libxcb.so.1.1.0
7f079a399000-7f079a3a8000 r-xp 00000000 08:01 1299748                    /usr/lib/x86_64-linux-gnu/libXi.so.6.1.0
7f079a3a8000-7f079a5a7000 ---p 0000f000 08:01 1299748                    /usr/lib/x86_64-linux-gnu/libXi.so.6.1.0
7f079a5a7000-7f079a5a8000 r--p 0000e000 08:01 1299748                    /usr/lib/x86_64-linux-gnu/libXi.so.6.1.0
7f079a5a8000-7f079a5a9000 rw-p 0000f000 08:01 1299748                    /usr/lib/x86_64-linux-gnu/libXi.so.6.1.0
7f079a5a9000-7f079a5ae000 r-xp 00000000 08:01 1299766                    /usr/lib/x86_64-linux-gnu/libXtst.so.6.1.0
7f079a5ae000-7f079a7ad000 ---p 00005000 08:01 1299766                    /usr/lib/x86_64-linux-gnu/libXtst.so.6.1.0
7f079a7ad000-7f079a7ae000 r--p 00004000 08:01 1299766                    /usr/lib/x86_64-linux-gnu/libXtst.so.6.1.0
7f079a7ae000-7f079a7af000 rw-p 00005000 08:01 1299766                    /usr/lib/x86_64-linux-gnu/libXtst.so.6.1.0
7f079a7af000-7f079a7b8000 r-xp 00000000 08:01 1299760                    /usr/lib/x86_64-linux-gnu/libXrender.so.1.3.0
7f079a7b8000-7f079a9b7000 ---p 00009000 08:01 1299760                    /usr/lib/x86_64-linux-gnu/libXrender.so.1.3.0
7f079a9b7000-7f079a9b8000 r--p 00008000 08:01 1299760                    /usr/lib/x86_64-linux-gnu/libXrender.so.1.3.0
7f079a9b8000-7f079a9b9000 rw-p 00009000 08:01 1299760                    /usr/lib/x86_64-linux-gnu/libXrender.so.1.3.0
7f079a9b9000-7f079aaec000 r-xp 00000000 08:01 1299725                    /usr/lib/x86_64-linux-gnu/libX11.so.6.3.0
7f079aaec000-7f079acec000 ---p 00133000 08:01 1299725                    /usr/lib/x86_64-linux-gnu/libX11.so.6.3.0
7f079acec000-7f079aced000 r--p 00133000 08:01 1299725                    /usr/lib/x86_64-linux-gnu/libX11.so.6.3.0
7f079aced000-7f079acf1000 rw-p 00134000 08:01 1299725                    /usr/lib/x86_64-linux-gnu/libX11.so.6.3.0
7f079acf1000-7f079ad02000 r-xp 00000000 08:01 1299740                    /usr/lib/x86_64-linux-gnu/libXext.so.6.4.0
7f079ad02000-7f079af01000 ---p 00011000 08:01 1299740                    /usr/lib/x86_64-linux-gnu/libXext.so.6.4.0
7f079af01000-7f079af02000 r--p 00010000 08:01 1299740                    /usr/lib/x86_64-linux-gnu/libXext.so.6.4.0
7f079af02000-7f079af03000 rw-p 00011000 08:01 1299740                    /usr/lib/x86_64-linux-gnu/libXext.so.6.4.0
7f079af03000-7f079af62000 r-xp 00000000 08:01 2329349                    /usr/lib/jvm/java-11-openjdk-amd64/lib/libawt_xawt.so
7f079af62000-7f079b162000 ---p 0005f000 08:01 2329349                    /usr/lib/jvm/java-11-openjdk-amd64/lib/libawt_xawt.so
7f079b162000-7f079b163000 r--p 0005f000 08:01 2329349                    /usr/lib/jvm/java-11-openjdk-amd64/lib/libawt_xawt.so
7f079b163000-7f079b165000 rw-p 00060000 08:01 2329349                    /usr/lib/jvm/java-11-openjdk-amd64/lib/libawt_xawt.so
7f079b165000-7f079b167000 rw-p 00000000 00:00 0 
7f079b167000-7f079b205000 r-xp 00000000 08:01 2329347                    /usr/lib/jvm/java-11-openjdk-amd64/lib/libawt.so
7f079b205000-7f079b405000 ---p 0009e000 08:01 2329347                    /usr/lib/jvm/java-11-openjdk-amd64/lib/libawt.so
7f079b405000-7f079b406000 r--p 0009e000 08:01 2329347                    /usr/lib/jvm/java-11-openjdk-amd64/lib/libawt.so
7f079b406000-7f079b411000 rw-p 0009f000 08:01 2329347                    /usr/lib/jvm/java-11-openjdk-amd64/lib/libawt.so
7f079b411000-7f079b436000 rw-p 00000000 00:00 0 
7f079b436000-7f079b44c000 r-xp 00000000 08:01 2329370                    /usr/lib/jvm/java-11-openjdk-amd64/lib/libnet.so
7f079b44c000-7f079b64b000 ---p 00016000 08:01 2329370                    /usr/lib/jvm/java-11-openjdk-amd64/lib/libnet.so
7f079b64b000-7f079b64c000 r--p 00015000 08:01 2329370                    /usr/lib/jvm/java-11-openjdk-amd64/lib/libnet.so
7f079b64c000-7f079b64d000 rw-p 00016000 08:01 2329370                    /usr/lib/jvm/java-11-openjdk-amd64/lib/libnet.so
7f079b64d000-7f079b65d000 r-xp 00000000 08:01 2329371                    /usr/lib/jvm/java-11-openjdk-amd64/lib/libnio.so
7f079b65d000-7f079b85c000 ---p 00010000 08:01 2329371                    /usr/lib/jvm/java-11-openjdk-amd64/lib/libnio.so
7f079b85c000-7f079b85d000 r--p 0000f000 08:01 2329371                    /usr/lib/jvm/java-11-openjdk-amd64/lib/libnio.so
7f079b85d000-7f079b85e000 rw-p 00010000 08:01 2329371                    /usr/lib/jvm/java-11-openjdk-amd64/lib/libnio.so
7f079b85e000-7f079b862000 ---p 00000000 00:00 0 
7f079b862000-7f079b95f000 rw-p 00000000 00:00 0 
7f079b95f000-7f079b960000 ---p 00000000 00:00 0 
7f079b960000-7f079ba61000 rw-p 00000000 00:00 0 
7f079ba61000-7f079ba65000 ---p 00000000 00:00 0 
7f079ba65000-7f079bb62000 rw-p 00000000 00:00 0 
7f079bb62000-7f079bb66000 ---p 00000000 00:00 0 
7f079bb66000-7f079bc63000 rw-p 00000000 00:00 0 
7f079bc63000-7f079bc67000 ---p 00000000 00:00 0 
7f079bc67000-7f079bd64000 rw-p 00000000 00:00 0 
7f079bd64000-7f079bd68000 ---p 00000000 00:00 0 
7f079bd68000-7f079be65000 rw-p 00000000 00:00 0 
7f079be65000-7f079c000000 r--p 00000000 08:01 1295782                    /usr/lib/locale/locale-archive
7f079c000000-7f079c021000 rw-p 00000000 00:00 0 
7f079c021000-7f07a0000000 ---p 00000000 00:00 0 
7f07a0000000-7f07a0021000 rw-p 00000000 00:00 0 
7f07a0021000-7f07a4000000 ---p 00000000 00:00 0 
7f07a4000000-7f07a4021000 rw-p 00000000 00:00 0 
7f07a4021000-7f07a8000000 ---p 00000000 00:00 0 
7f07a8001000-7f07a8005000 ---p 00000000 00:00 0 
7f07a8005000-7f07a8902000 rw-p 00000000 00:00 0 
7f07a8902000-7f07a8b72000 rwxp 00000000 00:00 0 
7f07a8b72000-7f07a8e91000 ---p 00000000 00:00 0 
7f07a8e91000-7f07a9131000 rwxp 00000000 00:00 0 
7f07a9131000-7f07b03c9000 ---p 00000000 00:00 0 
7f07b03c9000-7f07b0639000 rwxp 00000000 00:00 0 
7f07b0639000-7f07b7902000 ---p 00000000 00:00 0 
7f07b8000000-7f07b8021000 rw-p 00000000 00:00 0 
7f07b8021000-7f07bc000000 ---p 00000000 00:00 0 
7f07bfeff000-7f07bff03000 ---p 00000000 00:00 0 
7f07bff03000-7f07c0000000 rw-p 00000000 00:00 0 
7f07c0000000-7f07c034a000 rw-p 00000000 00:00 0 
7f07c034a000-7f07c4000000 ---p 00000000 00:00 0 
7f07c40a8000-7f07c40b1000 r--p 00000000 08:01 1549806                    /usr/share/glib-2.0/schemas/gschemas.compiled
7f07c40b1000-7f07c40b5000 ---p 00000000 00:00 0 
7f07c40b5000-7f07c41b2000 rw-p 00000000 00:00 0 
7f07c41b2000-7f07c41b6000 ---p 00000000 00:00 0 
7f07c41b6000-7f07c42b3000 rw-p 00000000 00:00 0 
7f07c42b3000-7f07c42b4000 ---p 00000000 00:00 0 
7f07c42b4000-7f07c4496000 rw-p 00000000 00:00 0 
7f07c4496000-7f07c457c000 ---p 00000000 00:00 0 
7f07c457c000-7f07c4582000 rw-p 00000000 00:00 0 
7f07c4582000-7f07c4667000 ---p 00000000 00:00 0 
7f07c4667000-7f07c466e000 r-xp 00000000 08:01 2329380                    /usr/lib/jvm/java-11-openjdk-amd64/lib/libzip.so
7f07c466e000-7f07c486d000 ---p 00007000 08:01 2329380                    /usr/lib/jvm/java-11-openjdk-amd64/lib/libzip.so
7f07c486d000-7f07c486e000 r--p 00006000 08:01 2329380                    /usr/lib/jvm/java-11-openjdk-amd64/lib/libzip.so
7f07c486e000-7f07c486f000 rw-p 00007000 08:01 2329380                    /usr/lib/jvm/java-11-openjdk-amd64/lib/libzip.so
7f07c486f000-7f07c487a000 r-xp 00000000 08:01 779529                     /lib/x86_64-linux-gnu/libnss_files-2.27.so
7f07c487a000-7f07c4a79000 ---p 0000b000 08:01 779529                     /lib/x86_64-linux-gnu/libnss_files-2.27.so
7f07c4a79000-7f07c4a7a000 r--p 0000a000 08:01 779529                     /lib/x86_64-linux-gnu/libnss_files-2.27.so
7f07c4a7a000-7f07c4a7b000 rw-p 0000b000 08:01 779529                     /lib/x86_64-linux-gnu/libnss_files-2.27.so
7f07c4a7b000-7f07c4a81000 rw-p 00000000 00:00 0 
7f07c4a81000-7f07c4a98000 r-xp 00000000 08:01 779523                     /lib/x86_64-linux-gnu/libnsl-2.27.so
7f07c4a98000-7f07c4c97000 ---p 00017000 08:01 779523                     /lib/x86_64-linux-gnu/libnsl-2.27.so
7f07c4c97000-7f07c4c98000 r--p 00016000 08:01 779523                     /lib/x86_64-linux-gnu/libnsl-2.27.so
7f07c4c98000-7f07c4c99000 rw-p 00017000 08:01 779523                     /lib/x86_64-linux-gnu/libnsl-2.27.so
7f07c4c99000-7f07c4c9b000 rw-p 00000000 00:00 0 
7f07c4c9b000-7f07c4ca6000 r-xp 00000000 08:01 779533                     /lib/x86_64-linux-gnu/libnss_nis-2.27.so
7f07c4ca6000-7f07c4ea5000 ---p 0000b000 08:01 779533                     /lib/x86_64-linux-gnu/libnss_nis-2.27.so
7f07c4ea5000-7f07c4ea6000 r--p 0000a000 08:01 779533                     /lib/x86_64-linux-gnu/libnss_nis-2.27.so
7f07c4ea6000-7f07c4ea7000 rw-p 0000b000 08:01 779533                     /lib/x86_64-linux-gnu/libnss_nis-2.27.so
7f07c4ea7000-7f07c4eaf000 r-xp 00000000 08:01 779525                     /lib/x86_64-linux-gnu/libnss_compat-2.27.so
7f07c4eaf000-7f07c50af000 ---p 00008000 08:01 779525                     /lib/x86_64-linux-gnu/libnss_compat-2.27.so
7f07c50af000-7f07c50b0000 r--p 00008000 08:01 779525                     /lib/x86_64-linux-gnu/libnss_compat-2.27.so
7f07c50b0000-7f07c50b1000 rw-p 00009000 08:01 779525                     /lib/x86_64-linux-gnu/libnss_compat-2.27.so
7f07c50b1000-7f07c50b6000 r-xp 00000000 08:01 2329362                    /usr/lib/jvm/java-11-openjdk-amd64/lib/libjimage.so
7f07c50b6000-7f07c52b5000 ---p 00005000 08:01 2329362                    /usr/lib/jvm/java-11-openjdk-amd64/lib/libjimage.so
7f07c52b5000-7f07c52b6000 r--p 00004000 08:01 2329362                    /usr/lib/jvm/java-11-openjdk-amd64/lib/libjimage.so
7f07c52b6000-7f07c52b7000 rw-p 00005000 08:01 2329362                    /usr/lib/jvm/java-11-openjdk-amd64/lib/libjimage.so
7f07c52b7000-7f07c52e0000 r-xp 00000000 08:01 2329358                    /usr/lib/jvm/java-11-openjdk-amd64/lib/libjava.so
7f07c52e0000-7f07c54e0000 ---p 00029000 08:01 2329358                    /usr/lib/jvm/java-11-openjdk-amd64/lib/libjava.so
7f07c54e0000-7f07c54e1000 r--p 00029000 08:01 2329358                    /usr/lib/jvm/java-11-openjdk-amd64/lib/libjava.so
7f07c54e1000-7f07c54e2000 rw-p 0002a000 08:01 2329358                    /usr/lib/jvm/java-11-openjdk-amd64/lib/libjava.so
7f07c54e2000-7f07c54e3000 rw-p 00000000 00:00 0 
7f07c54e3000-7f07c54f0000 r-xp 00000000 08:01 2329379                    /usr/lib/jvm/java-11-openjdk-amd64/lib/libverify.so
7f07c54f0000-7f07c56ef000 ---p 0000d000 08:01 2329379                    /usr/lib/jvm/java-11-openjdk-amd64/lib/libverify.so
7f07c56ef000-7f07c56f1000 r--p 0000c000 08:01 2329379                    /usr/lib/jvm/java-11-openjdk-amd64/lib/libverify.so
7f07c56f1000-7f07c56f2000 rw-p 0000e000 08:01 2329379                    /usr/lib/jvm/java-11-openjdk-amd64/lib/libverify.so
7f07c56f2000-7f07c56f9000 r-xp 00000000 08:01 779553                     /lib/x86_64-linux-gnu/librt-2.27.so
7f07c56f9000-7f07c58f8000 ---p 00007000 08:01 779553                     /lib/x86_64-linux-gnu/librt-2.27.so
7f07c58f8000-7f07c58f9000 r--p 00006000 08:01 779553                     /lib/x86_64-linux-gnu/librt-2.27.so
7f07c58f9000-7f07c58fa000 rw-p 00007000 08:01 779553                     /lib/x86_64-linux-gnu/librt-2.27.so
7f07c58fa000-7f07c5911000 r-xp 00000000 08:01 779505                     /lib/x86_64-linux-gnu/libgcc_s.so.1
7f07c5911000-7f07c5b10000 ---p 00017000 08:01 779505                     /lib/x86_64-linux-gnu/libgcc_s.so.1
7f07c5b10000-7f07c5b11000 r--p 00016000 08:01 779505                     /lib/x86_64-linux-gnu/libgcc_s.so.1
7f07c5b11000-7f07c5b12000 rw-p 00017000 08:01 779505                     /lib/x86_64-linux-gnu/libgcc_s.so.1
7f07c5b12000-7f07c5caf000 r-xp 00000000 08:01 779512                     /lib/x86_64-linux-gnu/libm-2.27.so
7f07c5caf000-7f07c5eae000 ---p 0019d000 08:01 779512                     /lib/x86_64-linux-gnu/libm-2.27.so
7f07c5eae000-7f07c5eaf000 r--p 0019c000 08:01 779512                     /lib/x86_64-linux-gnu/libm-2.27.so
7f07c5eaf000-7f07c5eb0000 rw-p 0019d000 08:01 779512                     /lib/x86_64-linux-gnu/libm-2.27.so
7f07c5eb0000-7f07c6029000 r-xp 00000000 08:01 780286                     /usr/lib/x86_64-linux-gnu/libstdc++.so.6.0.25
7f07c6029000-7f07c6229000 ---p 00179000 08:01 780286                     /usr/lib/x86_64-linux-gnu/libstdc++.so.6.0.25
7f07c6229000-7f07c6233000 r--p 00179000 08:01 780286                     /usr/lib/x86_64-linux-gnu/libstdc++.so.6.0.25
7f07c6233000-7f07c6235000 rw-p 00183000 08:01 780286                     /usr/lib/x86_64-linux-gnu/libstdc++.so.6.0.25
7f07c6235000-7f07c6239000 rw-p 00000000 00:00 0 
7f07c6239000-7f07c7317000 r-xp 00000000 08:01 2329393                    /usr/lib/jvm/java-11-openjdk-amd64/lib/server/libjvm.so
7f07c7317000-7f07c7516000 ---p 010de000 08:01 2329393                    /usr/lib/jvm/java-11-openjdk-amd64/lib/server/libjvm.so
7f07c7516000-7f07c75d3000 r--p 010dd000 08:01 2329393                    /usr/lib/jvm/java-11-openjdk-amd64/lib/server/libjvm.so
7f07c75d3000-7f07c760c000 rw-p 0119a000 08:01 2329393                    /usr/lib/jvm/java-11-openjdk-amd64/lib/server/libjvm.so
7f07c760c000-7f07c7663000 rw-p 00000000 00:00 0 
7f07c7663000-7f07c767d000 r-xp 00000000 08:01 779549                     /lib/x86_64-linux-gnu/libpthread-2.27.so
7f07c767d000-7f07c787c000 ---p 0001a000 08:01 779549                     /lib/x86_64-linux-gnu/libpthread-2.27.so
7f07c787c000-7f07c787d000 r--p 00019000 08:01 779549                     /lib/x86_64-linux-gnu/libpthread-2.27.so
7f07c787d000-7f07c787e000 rw-p 0001a000 08:01 779549                     /lib/x86_64-linux-gnu/libpthread-2.27.so
7f07c787e000-7f07c7882000 rw-p 00000000 00:00 0 
7f07c7882000-7f07c7885000 r-xp 00000000 08:01 779314                     /lib/x86_64-linux-gnu/libdl-2.27.so
7f07c7885000-7f07c7a84000 ---p 00003000 08:01 779314                     /lib/x86_64-linux-gnu/libdl-2.27.so
7f07c7a84000-7f07c7a85000 r--p 00002000 08:01 779314                     /lib/x86_64-linux-gnu/libdl-2.27.so
7f07c7a85000-7f07c7a86000 rw-p 00003000 08:01 779314                     /lib/x86_64-linux-gnu/libdl-2.27.so
7f07c7a86000-7f07c7aa2000 r-xp 00000000 08:01 779576                     /lib/x86_64-linux-gnu/libz.so.1.2.11
7f07c7aa2000-7f07c7ca1000 ---p 0001c000 08:01 779576                     /lib/x86_64-linux-gnu/libz.so.1.2.11
7f07c7ca1000-7f07c7ca2000 r--p 0001b000 08:01 779576                     /lib/x86_64-linux-gnu/libz.so.1.2.11
7f07c7ca2000-7f07c7ca3000 rw-p 0001c000 08:01 779576                     /lib/x86_64-linux-gnu/libz.so.1.2.11
7f07c7ca3000-7f07c7e8a000 r-xp 00000000 08:01 779486                     /lib/x86_64-linux-gnu/libc-2.27.so
7f07c7e8a000-7f07c808a000 ---p 001e7000 08:01 779486                     /lib/x86_64-linux-gnu/libc-2.27.so
7f07c808a000-7f07c808e000 r--p 001e7000 08:01 779486                     /lib/x86_64-linux-gnu/libc-2.27.so
7f07c808e000-7f07c8090000 rw-p 001eb000 08:01 779486                     /lib/x86_64-linux-gnu/libc-2.27.so
7f07c8090000-7f07c8094000 rw-p 00000000 00:00 0 
7f07c8094000-7f07c80a4000 r-xp 00000000 08:01 2329340                    /usr/lib/jvm/java-11-openjdk-amd64/lib/jli/libjli.so
7f07c80a4000-7f07c82a3000 ---p 00010000 08:01 2329340                    /usr/lib/jvm/java-11-openjdk-amd64/lib/jli/libjli.so
7f07c82a3000-7f07c82a4000 r--p 0000f000 08:01 2329340                    /usr/lib/jvm/java-11-openjdk-amd64/lib/jli/libjli.so
7f07c82a4000-7f07c82a5000 rw-p 00010000 08:01 2329340                    /usr/lib/jvm/java-11-openjdk-amd64/lib/jli/libjli.so
7f07c82a5000-7f07c82cc000 r-xp 00000000 08:01 779468                     /lib/x86_64-linux-gnu/ld-2.27.so
7f07c82d0000-7f07c833d000 rw-p 00000000 00:00 0 
7f07c833d000-7f07c8365000 ---p 00000000 00:00 0 
7f07c8365000-7f07c8367000 rw-p 00000000 00:00 0 
7f07c8367000-7f07c837a000 ---p 00000000 00:00 0 
7f07c837a000-7f07c837d000 rw-p 00000000 00:00 0 
7f07c837d000-7f07c83a5000 ---p 00000000 00:00 0 
7f07c83a5000-7f07c83a6000 rw-p 00000000 00:00 0 
7f07c83a6000-7f07c83aa000 ---p 00000000 00:00 0 
7f07c83aa000-7f07c84ac000 rw-p 00000000 00:00 0 
7f07c84ac000-7f07c84ad000 r--s 00000000 08:01 788274                     /home/runner/.cache/dconf/user
7f07c84ad000-7f07c84b2000 rw-p 00000000 00:00 0 
7f07c84b2000-7f07c84b9000 ---p 00000000 00:00 0 
7f07c84b9000-7f07c84bb000 r--s 00007000 08:01 3106290                    /usr/share/java/java-atk-wrapper.jar
7f07c84bb000-7f07c84c3000 rw-s 00000000 08:01 781604                     /tmp/hsperfdata_runner/4928
7f07c84c3000-7f07c84c4000 ---p 00000000 00:00 0 
7f07c84c4000-7f07c84c5000 r--p 00000000 00:00 0 
7f07c84c5000-7f07c84c6000 r--p 00000000 08:01 2080393                    /usr/local/lib/repl.so
7f07c84c6000-7f07c84c7000 r-xp 00001000 08:01 2080393                    /usr/local/lib/repl.so
7f07c84c7000-7f07c84c8000 r--p 00002000 08:01 2080393                    /usr/local/lib/repl.so
7f07c84c8000-7f07c84c9000 r--p 00002000 08:01 2080393                    /usr/local/lib/repl.so
7f07c84c9000-7f07c84ca000 rw-p 00003000 08:01 2080393                    /usr/local/lib/repl.so
7f07c84ca000-7f07c84cc000 rw-p 00000000 00:00 0 
7f07c84cc000-7f07c84cd000 r--p 00027000 08:01 779468                     /lib/x86_64-linux-gnu/ld-2.27.so
7f07c84cd000-7f07c84ce000 rw-p 00028000 08:01 779468                     /lib/x86_64-linux-gnu/ld-2.27.so
7f07c84ce000-7f07c84cf000 rw-p 00000000 00:00 0 
7ffd20b35000-7ffd20b56000 rw-p 00000000 00:00 0                          [stack]
7ffd20ba1000-7ffd20ba4000 r--p 00000000 00:00 0                          [vvar]
7ffd20ba4000-7ffd20ba5000 r-xp 00000000 00:00 0                          [vdso]
ffffffffff600000-ffffffffff601000 r-xp 00000000 00:00 0                  [vsyscall]


VM Arguments:
java_command: Sketch
java_class_path (initial): /home/runner/summative-2-daniel/lib/core.jar:/home/runner/summative-2-daniel/build/:/home/runner/summative-2-daniel/src/
Launcher Type: SUN_STANDARD

[Global flags]
     intx CICompilerCount                          = 2                                         {product} {ergonomic}
   size_t InitialHeapSize                          = 8388608                                   {product} {ergonomic}
   size_t MaxHeapSize                              = 134217728                                 {product} {ergonomic}
   size_t MaxNewSize                               = 44695552                                  {product} {ergonomic}
   size_t MinHeapDeltaBytes                        = 196608                                    {product} {ergonomic}
   size_t NewSize                                  = 2752512                                   {product} {ergonomic}
    uintx NonNMethodCodeHeapSize                   = 5825164                                {pd product} {ergonomic}
    uintx NonProfiledCodeHeapSize                  = 122916538                              {pd product} {ergonomic}
   size_t OldSize                                  = 5636096                                   {product} {ergonomic}
    uintx ProfiledCodeHeapSize                     = 122916538                              {pd product} {ergonomic}
    uintx ReservedCodeCacheSize                    = 251658240                              {pd product} {ergonomic}
     bool SegmentedCodeCache                       = true                                      {product} {ergonomic}
     bool UseCompressedClassPointers               = true                                 {lp64_product} {ergonomic}
     bool UseCompressedOops                        = true                                 {lp64_product} {ergonomic}
     bool UseSerialGC                              = true                                      {product} {ergonomic}

Logging:
Log output configuration:
 #0: stdout all=warning uptime,level,tags
 #1: stderr all=off uptime,level,tags

Environment Variables:
CLASSPATH=/home/runner/summative-2-daniel/lib/core.jar:/home/runner/summative-2-daniel/build/:/home/runner/summative-2-daniel/src/
PATH=/home/runner/.apt/usr/bin:/usr/local/go/bin:/opt/virtualenvs/python3/bin:/usr/GNUstep/System/Tools:/usr/GNUstep/Local/Tools:/usr/local/sbin:/usr/local/bin:/usr/sbin:/usr/bin:/sbin:/bin
LD_LIBRARY_PATH=/home/runner/.apt/usr/lib/x86_64-linux-gnu:/home/runner/.apt/usr/lib/i386-linux-gnu:/home/runner/.apt/usr/lib:
LD_PRELOAD=/usr/local/lib/repl.so
DISPLAY=MAGIC
LANG=en_US.UTF-8
LC_ALL=en_US.UTF-8

Signal Handlers:
SIGSEGV: [libjvm.so+0xdf9610], sa_mask[0]=11111111011111111101111111111110, sa_flags=SA_RESTART|SA_SIGINFO
SIGBUS: [libjvm.so+0xdf9610], sa_mask[0]=11111111011111111101111111111110, sa_flags=SA_RESTART|SA_SIGINFO
SIGFPE: [libjvm.so+0xdf9610], sa_mask[0]=11111111011111111101111111111110, sa_flags=SA_RESTART|SA_SIGINFO
SIGPIPE: SIG_IGN, sa_mask[0]=00000000000010000000000000000000, sa_flags=SA_RESTART
SIGXFSZ: [libjvm.so+0xbcc360], sa_mask[0]=11111111011111111101111111111110, sa_flags=SA_RESTART|SA_SIGINFO
SIGILL: [libjvm.so+0xdf9610], sa_mask[0]=11111111011111111101111111111110, sa_flags=SA_RESTART|SA_SIGINFO
SIGUSR2: [libjvm.so+0xbcc200], sa_mask[0]=00000000000000000000000000000000, sa_flags=SA_RESTART|SA_SIGINFO
SIGHUP: [libjvm.so+0xbcc560], sa_mask[0]=11111111011111111101111111111110, sa_flags=SA_RESTART|SA_SIGINFO
SIGINT: [libjvm.so+0xbcc560], sa_mask[0]=11111111011111111101111111111110, sa_flags=SA_RESTART|SA_SIGINFO
SIGTERM: [libjvm.so+0xbcc560], sa_mask[0]=11111111011111111101111111111110, sa_flags=SA_RESTART|SA_SIGINFO
SIGQUIT: [libjvm.so+0xbcc560], sa_mask[0]=11111111011111111101111111111110, sa_flags=SA_RESTART|SA_SIGINFO


---------------  S Y S T E M  ---------------

OS:DISTRIB_ID=Ubuntu
DISTRIB_RELEASE=18.04
DISTRIB_CODENAME=bionic
DISTRIB_DESCRIPTION="Ubuntu 18.04.5 LTS"
uname:Linux 5.4.0-1019-gcp #19-Ubuntu SMP Tue Jun 23 15:46:40 UTC 2020 x86_64
OS uptime: 0 days 23:03 hours
libc:glibc 2.27 NPTL 2.27 
rlimit (soft/hard): STACK 8192k/infinity , CORE infinity/infinity , NPROC infinity/infinity , NOFILE 512/512 , AS infinity/infinity , CPU infinity/infinity , DATA infinity/infinity , FSIZE infinity/infinity , MEMLOCK 64k/64k
load average:5.53 5.29 5.87

/proc/meminfo:
MemTotal:       26694668 kB
MemFree:         4618208 kB
MemAvailable:   15278876 kB
Buffers:          293280 kB
Cached:          7984332 kB
SwapCached:            0 kB
Active:         14895688 kB
Inactive:        2827404 kB
Active(anon):    8163348 kB
Inactive(anon):    16032 kB
Active(file):    6732340 kB
Inactive(file):  2811372 kB
Unevictable:       51088 kB
Mlocked:           51088 kB
SwapTotal:             0 kB
SwapFree:              0 kB
Dirty:               840 kB
Writeback:             0 kB
AnonPages:       9496936 kB
Mapped:           845284 kB
Shmem:             28892 kB
KReclaimable:    1534388 kB
Slab:            3453724 kB
SReclaimable:    1534388 kB
SUnreclaim:      1919336 kB
KernelStack:      389040 kB
PageTables:       164516 kB
NFS_Unstable:          0 kB
Bounce:                0 kB
WritebackTmp:          0 kB
CommitLimit:    13347332 kB
Committed_AS:   90736372 kB
VmallocTotal:   34359738367 kB
VmallocUsed:      410452 kB
VmallocChunk:          0 kB
Percpu:            40464 kB
HardwareCorrupted:     0 kB
AnonHugePages:    350208 kB
ShmemHugePages:        0 kB
ShmemPmdMapped:        0 kB
FileHugePages:         0 kB
FilePmdMapped:         0 kB
CmaTotal:              0 kB
CmaFree:               0 kB
HugePages_Total:       0
HugePages_Free:        0
HugePages_Rsvd:        0
HugePages_Surp:        0
Hugepagesize:       2048 kB
Hugetlb:               0 kB
DirectMap4k:     6798568 kB
DirectMap2M:    20463616 kB
DirectMap1G:     2097152 kB

/sys/kernel/mm/transparent_hugepage/enabled:
always [madvise] never

/sys/kernel/mm/transparent_hugepage/defrag (defrag/compaction efforts parameter):
always defer defer+madvise [madvise] never


/proc/sys/kernel/threads-max (system-wide limit on the number of threads):
208489


/proc/sys/vm/max_map_count (maximum number of memory map areas a process may have):
65530


/proc/sys/kernel/pid_max (system-wide limit on number of process identifiers):
4194304



container (cgroup) information:
container_type: cgroupv1
cpu_cpuset_cpus: 0-3
cpu_memory_nodes: 0
active_processor_count: 1
cpu_quota: 50000
cpu_period: 100000
cpu_shares: 512
memory_limit_in_bytes: 536870912
memory_and_swap_limit_in_bytes: -2
memory_soft_limit_in_bytes: -1
memory_usage_in_bytes: 109453312
memory_max_usage_in_bytes: 536870912

KVM virtualization detected
Steal ticks since vm start: 0
Steal ticks percentage since vm start:  0.000

CPU:total 4 (initial active 1) (2 cores per cpu, 2 threads per core) family 6 model 63 stepping 0, cmov, cx8, fxsr, mmx, sse, sse2, sse3, ssse3, sse4.1, sse4.2, popcnt, avx, avx2, aes, clmul, erms, lzcnt, ht, tsc, tscinvbit, bmi1, bmi2, fma
CPU Model and flags from /proc/cpuinfo:
model name	: Intel(R) Xeon(R) CPU @ 2.30GHz
flags		: fpu vme de pse tsc msr pae mce cx8 apic sep mtrr pge mca cmov pat pse36 clflush mmx fxsr sse sse2 ss ht syscall nx pdpe1gb rdtscp lm constant_tsc rep_good nopl xtopology nonstop_tsc cpuid tsc_known_freq pni pclmulqdq ssse3 fma cx16 pcid sse4_1 sse4_2 x2apic movbe popcnt aes xsave avx f16c rdrand hypervisor lahf_lm abm invpcid_single pti ssbd ibrs ibpb stibp fsgsbase tsc_adjust bmi1 avx2 smep bmi2 erms invpcid xsaveopt arat md_clear arch_capabilities

Memory: 4k page, physical 524288k(417504k free), swap 0k(0k free)

vm_info: OpenJDK 64-Bit Server VM (11.0.8+10-post-Ubuntu-0ubuntu118.04.1) for linux-amd64 JRE (11.0.8+10-post-Ubuntu-0ubuntu118.04.1), built on Jul 15 2020 20:45:24 by "unknown" with gcc 7.5.0

END.
